64.366 sec elapsed
[1] "Fitting como model"
[1] "Fitting como model"
[1] "Fitting como model"
[1][1] "Fitting como model"
 "Fitting como model"
[1][1] "Fitting como model" "Fitting como model"

32.34 sec elapsed
32.947 sec elapsed
63.47 sec elapsed
63.244 sec elapsed
30.351 sec elapsed
31.741 sec elapsed
64.68 sec elapsed
95.845 sec elapsed
33.395 sec elapsed
34.056 sec elapsed
59.218 sec elapsed
125.496 sec elapsed
126.66 sec elapsed
65.33 sec elapsed
65.171 sec elapsed
33.903 sec elapsed
33.523 sec elapsed
151.213 sec elapsed
34.48 sec elapsed
33.574 sec elapsed
63.6 sec elapsed
66.092 sec elapsed
70.703 sec elapsed
132.098 sec elapsed
33.665 sec elapsed
33.981 sec elapsed
377.965 sec elapsed
3632.827 sec elapsed
[1] "Model fitting done, performing FDR computation"
[1] "Fitting como model"
103.146 sec elapsed
33.604 sec elapsed
34.184 sec elapsed
66.522 sec elapsed
134.144 sec elapsed
66.097 sec elapsed
33.754 sec elapsed
34.14 sec elapsed
73.252 sec elapsed
33.617 sec elapsed
33.962 sec elapsed
67.148 sec elapsed
96.784 sec elapsed
66.416 sec elapsed
183.139 sec elapsed
33.92 sec elapsed
338.692 sec elapsed
[1] "Model fitting done, performing FDR computation"
139.287 sec elapsed
33.988 sec elapsed
340.277 sec elapsed
[1] "Model fitting done, performing FDR computation"
67.978 sec elapsed
[1] "Fitting como model"
[1] "Fitting como model"
135.112 sec elapsed
61.005 sec elapsed
32.741 sec elapsed
131.554 sec elapsed
33.155 sec elapsed
66.574 sec elapsed
73.378 sec elapsed
33.735 sec elapsed
33.964 sec elapsed
67.069 sec elapsed
127.137 sec elapsed
33.988 sec elapsed
33.609 sec elapsed
67.487 sec elapsed
143.844 sec elapsed
77.22 sec elapsed
33.939 sec elapsed
33.602 sec elapsed
142.29 sec elapsed
68.331 sec elapsed
34.033 sec elapsed
33.781 sec elapsed
68.345 sec elapsed
144.256 sec elapsed
34.095 sec elapsed
33.662 sec elapsed
76.046 sec elapsed
67.219 sec elapsed
34.324 sec elapsed
33.734 sec elapsed
68.24 sec elapsed
34.051 sec elapsed
33.853 sec elapsed
72.977 sec elapsed
709.478 sec elapsed
[1] "Model fitting done, performing FDR computation"
62.238 sec elapsed
651.711 sec elapsed
[1] "Model fitting done, performing FDR computation"
[1] "Fitting como model"
181.407 sec elapsed
1132.152 sec elapsed
[1] "Model fitting done, performing FDR computation"
[1] "Fitting como model"
34.391 sec elapsed
33.636 sec elapsed
68.168 sec elapsed
670.949 sec elapsed
[1] "Model fitting done, performing FDR computation"
[1] "Fitting como model"
229.164 sec elapsed
[1] "Fitting como model"
179.572 sec elapsed
33.593 sec elapsed
33.836 sec elapsed
341.714 sec elapsed
[1] "Model fitting done, performing FDR computation"
345.151 sec elapsed
[1] "Model fitting done, performing FDR computation"
177.656 sec elapsed
[1] "Fitting como model"
[1] "Fitting como model"
66.163 sec elapsed
66.676 sec elapsed
65.638 sec elapsed
32.62 sec elapsed
33.52 sec elapsed
98.328 sec elapsed
33.037 sec elapsed
33.835 sec elapsed
66.896 sec elapsed
66.033 sec elapsed
33.036 sec elapsed
33.86 sec elapsed
100.114 sec elapsed
61.262 sec elapsed
33.123 sec elapsed
33.515 sec elapsed
527.286 sec elapsed
91.972 sec elapsed
66.162 sec elapsed
33.278 sec elapsed
33.947 sec elapsed
219.872 sec elapsed
60.503 sec elapsed
33.305 sec elapsed
91.512 sec elapsed
33.498 sec elapsed
66.646 sec elapsed
33.303 sec elapsed
90.293 sec elapsed
33.526 sec elapsed
61.756 sec elapsed
61.348 sec elapsed
33.49 sec elapsed
33.788 sec elapsed
67.131 sec elapsed
61.144 sec elapsed
33.356 sec elapsed
33.66 sec elapsed
64.364 sec elapsed
33.233 sec elapsed
337.343 sec elapsed
[1] "Model fitting done, performing FDR computation"
33.829 sec elapsed
341.724 sec elapsed
[1] "Model fitting done, performing FDR computation"
[1] "Fitting como model"
364.767 sec elapsed
93.139 sec elapsed
[1] "Fitting como model"
67.921 sec elapsed
67.06 sec elapsed
32.753 sec elapsed
94.253 sec elapsed
33.05 sec elapsed
33.298 sec elapsed
33.88 sec elapsed
68.718 sec elapsed
96.935 sec elapsed
34.058 sec elapsed
73.796 sec elapsed
33.807 sec elapsed
33.286 sec elapsed
33.662 sec elapsed
105.38 sec elapsed
67.864 sec elapsed
326.503 sec elapsed
33.333 sec elapsed
33.383 sec elapsed
73.25 sec elapsed
33.376 sec elapsed
102.975 sec elapsed
33.286 sec elapsed
606.293 sec elapsed
67.803 sec elapsed
33.336 sec elapsed
33.609 sec elapsed
109.703 sec elapsed
75.017 sec elapsed
675.102 sec elapsed
[1] "Model fitting done, performing FDR computation"
[1] "Fitting como model"
33.504 sec elapsed
33.184 sec elapsed
68.066 sec elapsed
676.817 sec elapsed
[1] "Model fitting done, performing FDR computation"
[1] "Fitting como model"
97.852 sec elapsed
33.804 sec elapsed
33.338 sec elapsed
32.536 sec elapsed
33.749 sec elapsed
339.68 sec elapsed
[1] "Model fitting done, performing FDR computation"
33.351 sec elapsed
339.541 sec elapsed
[1] "Model fitting done, performing FDR computation"
98.699 sec elapsed
65.177 sec elapsed
152.378 sec elapsed
103.016 sec elapsed
201.692 sec elapsed
65.119 sec elapsed
98.854 sec elapsed
65.229 sec elapsed
392.677 sec elapsed
145.046 sec elapsed
963.536 sec elapsed
[1] "Model fitting done, performing FDR computation"
149.993 sec elapsed
[1] "Fitting como model"
99.705 sec elapsed
66.951 sec elapsed
65.724 sec elapsed
100.773 sec elapsed
134.555 sec elapsed
152.723 sec elapsed
1111.025 sec elapsed
[1] "Model fitting done, performing FDR computation"
[1] "Fitting como model"
95.874 sec elapsed
323.416 sec elapsed
1000.97 sec elapsed
65.708 sec elapsed
99.16 sec elapsed
98.701 sec elapsed
135.567 sec elapsed
99.774 sec elapsed
99.749 sec elapsed
96.491 sec elapsed
136.456 sec elapsed
98.823 sec elapsed
100.586 sec elapsed
90.659 sec elapsed
1028.295 sec elapsed
92.038 sec elapsed
100.812 sec elapsed
801.082 sec elapsed
[1] "Model fitting done, performing FDR computation"
91.236 sec elapsed
[1] "Fitting como model"
601.449 sec elapsed
192.38 sec elapsed
66.592 sec elapsed
92.089 sec elapsed
125.887 sec elapsed
67.283 sec elapsed
289.981 sec elapsed
135.438 sec elapsed
653.621 sec elapsed
166.28 sec elapsed
213.146 sec elapsed
132.521 sec elapsed
311.749 sec elapsed
165.453 sec elapsed
172.978 sec elapsed
1076.606 sec elapsed
[1] "Model fitting done, performing FDR computation"
341.176 sec elapsed
166.044 sec elapsed
640.921 sec elapsed
2873.113 sec elapsed
[1] "Model fitting done, performing FDR computation"
[1] "Fitting como model"
101.297 sec elapsed
167.161 sec elapsed
441.403 sec elapsed
380.907 sec elapsed
3123.127 sec elapsed
[1] "Model fitting done, performing FDR computation"
624.288 sec elapsed
[1] "Fitting como model"
232.521 sec elapsed
132.58 sec elapsed
335.368 sec elapsed
190.879 sec elapsed
155.87 sec elapsed
532.327 sec elapsed
2186.877 sec elapsed
[1] "Model fitting done, performing FDR computation"
[1] "Fitting como model"
1109.18 sec elapsed
198.743 sec elapsed
64.106 sec elapsed
64.707 sec elapsed
268.46 sec elapsed
59.921 sec elapsed
435.126 sec elapsed
1907.148 sec elapsed
64.441 sec elapsed
249.116 sec elapsed
67.562 sec elapsed
67.936 sec elapsed
277.53 sec elapsed
61.963 sec elapsed
65.118 sec elapsed
68.222 sec elapsed
214.036 sec elapsed
69.41 sec elapsed
658.144 sec elapsed
[1] "Model fitting done, performing FDR computation"
[1] "Fitting como model"
407.795 sec elapsed
507.827 sec elapsed
93.95 sec elapsed
144.972 sec elapsed
1298.666 sec elapsed
116.02 sec elapsed
132.026 sec elapsed
92.137 sec elapsed
109.283 sec elapsed
367.313 sec elapsed
93.925 sec elapsed
107.406 sec elapsed
95.172 sec elapsed
108.739 sec elapsed
1639.654 sec elapsed
[1] "Model fitting done, performing FDR computation"
[1] "Fitting como model"
551.467 sec elapsed
2633.86 sec elapsed
[1] "Model fitting done, performing FDR computation"
106.631 sec elapsed
65.461 sec elapsed
66.071 sec elapsed
109.148 sec elapsed
63.127 sec elapsed
62.536 sec elapsed
146.012 sec elapsed
69.904 sec elapsed
71.198 sec elapsed
146.098 sec elapsed
70.288 sec elapsed
1699.265 sec elapsed
70.775 sec elapsed
756.163 sec elapsed
155.098 sec elapsed
1174.915 sec elapsed
[1] "Model fitting done, performing FDR computation"
76.437 sec elapsed
[1] "Fitting como model"
76.379 sec elapsed
697.171 sec elapsed
[1] "Model fitting done, performing FDR computation"
[1] "Fitting como model"
95.742 sec elapsed
97.419 sec elapsed
197.225 sec elapsed
98.39 sec elapsed
99.713 sec elapsed
156.975 sec elapsed
102.924 sec elapsed
163.949 sec elapsed
105.101 sec elapsed
108.52 sec elapsed
181.738 sec elapsed
111.441 sec elapsed
854.421 sec elapsed
112.252 sec elapsed
112.938 sec elapsed
1049.422 sec elapsed
[1] "Model fitting done, performing FDR computation"
[1] "Fitting como model"
324.672 sec elapsed
2141.158 sec elapsed
166.395 sec elapsed
2919.176 sec elapsed
190.694 sec elapsed
211.601 sec elapsed
223.51 sec elapsed
385.26 sec elapsed
5149.771 sec elapsed
[1] "Model fitting done, performing FDR computation"
[1] "Fitting como model"
59.476 sec elapsed
59.037 sec elapsed
59.154 sec elapsed
252.905 sec elapsed
59.403 sec elapsed
401.606 sec elapsed
58.87 sec elapsed
59.154 sec elapsed
59.336 sec elapsed
59.593 sec elapsed
283.958 sec elapsed
63.567 sec elapsed
1264.556 sec elapsed
4627.764 sec elapsed
[1] "Model fitting done, performing FDR computation"
[1] "Fitting como model"
65.067 sec elapsed
607.303 sec elapsed
[1] "Model fitting done, performing FDR computation"
65.854 sec elapsed
[1] "Fitting como model"
2320.016 sec elapsed
7371.46 sec elapsed
[1] "Model fitting done, performing FDR computation"
[1] "Fitting como model"
66.396 sec elapsed
63.757 sec elapsed
93.949 sec elapsed
62.289 sec elapsed
64.75 sec elapsed
486.093 sec elapsed
69.124 sec elapsed
67.219 sec elapsed
346.339 sec elapsed
2326.763 sec elapsed
[1] "Model fitting done, performing FDR computation"
[1] "Fitting como model"
70.671 sec elapsed
67.735 sec elapsed
195.923 sec elapsed
70.317 sec elapsed
67.84 sec elapsed
157.728 sec elapsed
68.332 sec elapsed
68.865 sec elapsed
160.2 sec elapsed
75.268 sec elapsed
70.888 sec elapsed
133.478 sec elapsed
77.478 sec elapsed
71.564 sec elapsed
170.14 sec elapsed
72.845 sec elapsed
703.464 sec elapsed
[1] "Model fitting done, performing FDR computation"
74.942 sec elapsed
[1] "Fitting como model"
130.655 sec elapsed
539.851 sec elapsed
62.772 sec elapsed
75.004 sec elapsed
697.783 sec elapsed
[1] "Model fitting done, performing FDR computation"
[1] "Fitting como model"
68.006 sec elapsed
172.765 sec elapsed
209.515 sec elapsed
94.009 sec elapsed
69.04 sec elapsed
63.931 sec elapsed
93.599 sec elapsed
64.455 sec elapsed
93.667 sec elapsed
67.729 sec elapsed
240.619 sec elapsed
68.058 sec elapsed
94.643 sec elapsed
297.043 sec elapsed
71.66 sec elapsed
97.985 sec elapsed
549.097 sec elapsed
76.576 sec elapsed
76.37 sec elapsed
693.719 sec elapsed
[1] "Model fitting done, performing FDR computation"
132.46 sec elapsed
223.444 sec elapsed
[1] "Fitting como model"
291.573 sec elapsed
91.575 sec elapsed
132.221 sec elapsed
137.785 sec elapsed
137.898 sec elapsed
299.389 sec elapsed
333.037 sec elapsed
132.47 sec elapsed
174.913 sec elapsed
550.911 sec elapsed
337.798 sec elapsed
250.194 sec elapsed
1306.352 sec elapsed
[1] "Model fitting done, performing FDR computation"
[1] "Fitting como model"
358.023 sec elapsed
423.683 sec elapsed
94.208 sec elapsed
434.967 sec elapsed
176.664 sec elapsed
127.706 sec elapsed
363.961 sec elapsed
124.634 sec elapsed
131.855 sec elapsed
432.637 sec elapsed
2556.09 sec elapsed
[1] "Model fitting done, performing FDR computation"
[1] "Fitting como model"
3460.553 sec elapsed
332.063 sec elapsed
354.885 sec elapsed
63.453 sec elapsed
90.167 sec elapsed
198.083 sec elapsed
411.505 sec elapsed
2532.381 sec elapsed
[1] "Model fitting done, performing FDR computation"
[1] "Fitting como model"
65.545 sec elapsed
131.981 sec elapsed
65.337 sec elapsed
94.32 sec elapsed
62.069 sec elapsed
68.847 sec elapsed
101.015 sec elapsed
70.547 sec elapsed
98.658 sec elapsed
68.752 sec elapsed
94.97 sec elapsed
72.595 sec elapsed
76.202 sec elapsed
102.507 sec elapsed
652.468 sec elapsed
74.838 sec elapsed
97.137 sec elapsed
69.413 sec elapsed
698.945 sec elapsed
[1] "Model fitting done, performing FDR computation"
[1] "Fitting como model"
62.869 sec elapsed
942.069 sec elapsed
[1] "Model fitting done, performing FDR computation"
[1] "Fitting como model"
90.222 sec elapsed
89.3 sec elapsed
1045.419 sec elapsed
92.157 sec elapsed
90.363 sec elapsed
94.952 sec elapsed
92.24 sec elapsed
93.8 sec elapsed
129.724 sec elapsed
96.433 sec elapsed
133.905 sec elapsed
140.64 sec elapsed
1661.55 sec elapsed
5361.942 sec elapsed
[1] "Model fitting done, performing FDR computation"
[1] "Fitting como model"
146.84 sec elapsed
66.57 sec elapsed
68.399 sec elapsed
184.047 sec elapsed
70.32 sec elapsed
72.076 sec elapsed
74.492 sec elapsed
1239.006 sec elapsed
603.793 sec elapsed
76.309 sec elapsed
77.269 sec elapsed
183.045 sec elapsed
78.49 sec elapsed
78.918 sec elapsed
537.058 sec elapsed
79.037 sec elapsed
746.741 sec elapsed
[1] "Model fitting done, performing FDR computation"
[1] "Fitting como model"
264.141 sec elapsed
66.123 sec elapsed
67.566 sec elapsed
69.283 sec elapsed
71.401 sec elapsed
73.889 sec elapsed
351.792 sec elapsed
76.214 sec elapsed
76.562 sec elapsed
77.906 sec elapsed
79.798 sec elapsed
80.16 sec elapsed
744.085 sec elapsed
[1] "Model fitting done, performing FDR computation"
[1] "Fitting como model"
478.556 sec elapsed
2426.883 sec elapsed
[1] "Model fitting done, performing FDR computation"
134.821 sec elapsed
[1] "Fitting como model"
66.732 sec elapsed
105.291 sec elapsed
3477.55 sec elapsed
67.034 sec elapsed
2449.222 sec elapsed
1127.382 sec elapsed
2602.837 sec elapsed
[1] "Model fitting done, performing FDR computation"
[1] "Fitting como model"
108.406 sec elapsed
98.466 sec elapsed
133.443 sec elapsed
105.361 sec elapsed
145.883 sec elapsed
231.789 sec elapsed
106.024 sec elapsed
166.59 sec elapsed
110.552 sec elapsed
239.507 sec elapsed
5199.494 sec elapsed
[1] "Model fitting done, performing FDR computation"
[1] "Fitting como model"
138.922 sec elapsed
114.403 sec elapsed
346.749 sec elapsed
67.262 sec elapsed
2022.79 sec elapsed
66.826 sec elapsed
141.525 sec elapsed
115.025 sec elapsed
67.853 sec elapsed
114.182 sec elapsed
68.422 sec elapsed
182.421 sec elapsed
69.85 sec elapsed
71.531 sec elapsed
153.849 sec elapsed
1056.772 sec elapsed
[1] "Model fitting done, performing FDR computation"
[1] "Fitting como model"
73.304 sec elapsed
466.286 sec elapsed
133.389 sec elapsed
76.385 sec elapsed
308.494 sec elapsed
76.606 sec elapsed
135.046 sec elapsed
76.602 sec elapsed
720.32 sec elapsed
[1] "Model fitting done, performing FDR computation"
[1] "Fitting como model"
137.14 sec elapsed
311.089 sec elapsed
5373.028 sec elapsed
[1] "Model fitting done, performing FDR computation"
[1] "Fitting como model"
168.833 sec elapsed
65.529 sec elapsed
138.227 sec elapsed
65.719 sec elapsed
63.688 sec elapsed
168.486 sec elapsed
64.806 sec elapsed
198.269 sec elapsed
65.655 sec elapsed
173.278 sec elapsed
64.933 sec elapsed
656.81 sec elapsed
64.908 sec elapsed
66.289 sec elapsed
1339.132 sec elapsed
276.086 sec elapsed
65.569 sec elapsed
220.767 sec elapsed
66.775 sec elapsed
658.973 sec elapsed
[1] "Model fitting done, performing FDR computation"
[1] "Fitting como model"
65.386 sec elapsed
65.71 sec elapsed
265.254 sec elapsed
65.803 sec elapsed
66.228 sec elapsed
66.44 sec elapsed
66.542 sec elapsed
67.236 sec elapsed
317.369 sec elapsed
67.221 sec elapsed
655.422 sec elapsed
67.473 sec elapsed
67.61 sec elapsed
670.759 sec elapsed
[1] "Model fitting done, performing FDR computation"
[1] "Fitting como model"
98.132 sec elapsed
944.034 sec elapsed
1061.267 sec elapsed
274.193 sec elapsed
98.719 sec elapsed
399.199 sec elapsed
100.645 sec elapsed
133.969 sec elapsed
137.594 sec elapsed
441.791 sec elapsed
3479.459 sec elapsed
243.187 sec elapsed
484.868 sec elapsed
437.286 sec elapsed
1492.675 sec elapsed
521.003 sec elapsed
3166.324 sec elapsed
[1] "Model fitting done, performing FDR computation"
[1] "Fitting como model"
1663.663 sec elapsed
135.313 sec elapsed
1698.143 sec elapsed
705.528 sec elapsed
280.775 sec elapsed
108.151 sec elapsed
293.177 sec elapsed
151.372 sec elapsed
117.612 sec elapsed
159.369 sec elapsed
1073.095 sec elapsed
200.098 sec elapsed
241.901 sec elapsed
1919.66 sec elapsed
6207.094 sec elapsed
[1] "Model fitting done, performing FDR computation"
[1] "Fitting como model"
229.489 sec elapsed
1922.397 sec elapsed
[1] "Model fitting done, performing FDR computation"
[1] "Fitting como model"
66.062 sec elapsed
154.751 sec elapsed
91.715 sec elapsed
93.551 sec elapsed
224.785 sec elapsed
94.964 sec elapsed
134.244 sec elapsed
296.324 sec elapsed
3531.054 sec elapsed
20642.072 sec elapsed
[1] "Model fitting done, performing FDR computation"
[1] "Fitting como model"
186.191 sec elapsed
2574.838 sec elapsed
134.512 sec elapsed
175.928 sec elapsed
2603.257 sec elapsed
6254.448 sec elapsed
[1] "Model fitting done, performing FDR computation"
[1] "Fitting como model"
1543.426 sec elapsed
4576.782 sec elapsed
[1] "Model fitting done, performing FDR computation"
[1] "Fitting como model"
130.642 sec elapsed
208.052 sec elapsed
99.133 sec elapsed
168.162 sec elapsed
422.152 sec elapsed
136.097 sec elapsed
241.498 sec elapsed
628.594 sec elapsed
204.107 sec elapsed
139.003 sec elapsed
214.624 sec elapsed
144.009 sec elapsed
332.295 sec elapsed
239.334 sec elapsed
146.819 sec elapsed
187.551 sec elapsed
151.811 sec elapsed
257.117 sec elapsed
360.697 sec elapsed
225.934 sec elapsed
156.034 sec elapsed
234.314 sec elapsed
195.915 sec elapsed
373.896 sec elapsed
1040.78 sec elapsed
196.375 sec elapsed
274.787 sec elapsed
632.377 sec elapsed
195.749 sec elapsed
1566.358 sec elapsed
[1] "Model fitting done, performing FDR computation"
[1] "Fitting como model"
310.955 sec elapsed
201.14 sec elapsed
561.601 sec elapsed
242.406 sec elapsed
312.144 sec elapsed
2390.306 sec elapsed
[1] "Model fitting done, performing FDR computation"
[1] "Fitting como model"
58.916 sec elapsed
143.036 sec elapsed
118.801 sec elapsed
89.623 sec elapsed
182.54 sec elapsed
559.317 sec elapsed
90.474 sec elapsed
91.631 sec elapsed
61.862 sec elapsed
1085.059 sec elapsed
94.338 sec elapsed
95.733 sec elapsed
96.831 sec elapsed
1603.331 sec elapsed
131.182 sec elapsed
934.1 sec elapsed
[1] "Model fitting done, performing FDR computation"
[1] "Fitting como model"
3360.71 sec elapsed
10728.646 sec elapsed
[1] "Model fitting done, performing FDR computation"
[1] "Fitting como model"
117.87 sec elapsed
67.278 sec elapsed
89.107 sec elapsed
68.112 sec elapsed
90.548 sec elapsed
984.266 sec elapsed
68.937 sec elapsed
91.519 sec elapsed
69.064 sec elapsed
70.816 sec elapsed
92.475 sec elapsed
72.809 sec elapsed
233.464 sec elapsed
125.62 sec elapsed
75.554 sec elapsed
77.641 sec elapsed
131.715 sec elapsed
77.676 sec elapsed
279.743 sec elapsed
78.239 sec elapsed
732.15 sec elapsed
[1] "Model fitting done, performing FDR computation"
[1] "Fitting como model"
100.945 sec elapsed
239.658 sec elapsed
104.179 sec elapsed
107.638 sec elapsed
109.912 sec elapsed
1743.949 sec elapsed
5391.907 sec elapsed
[1] "Model fitting done, performing FDR computation"
[1] "Fitting como model"
113.302 sec elapsed
160.57 sec elapsed
155.243 sec elapsed
624.217 sec elapsed
166.42 sec elapsed
157.453 sec elapsed
138.236 sec elapsed
239.122 sec elapsed
2051.282 sec elapsed
5997.363 sec elapsed
[1] "Model fitting done, performing FDR computation"
[1] "Fitting como model"
2746.134 sec elapsed
122.306 sec elapsed
322.35 sec elapsed
138.663 sec elapsed
132.126 sec elapsed
477.501 sec elapsed
389.272 sec elapsed
5634.441 sec elapsed
[1] "Model fitting done, performing FDR computation"
[1] "Fitting como model"
145.824 sec elapsed
974.548 sec elapsed
2581.968 sec elapsed
[1] "Model fitting done, performing FDR computation"
[1] "Fitting como model"
1811.272 sec elapsed
167.292 sec elapsed
118.362 sec elapsed
182.463 sec elapsed
120.898 sec elapsed
202.781 sec elapsed
824.551 sec elapsed
226.311 sec elapsed
153.562 sec elapsed
361.479 sec elapsed
156.689 sec elapsed
258.304 sec elapsed
848.164 sec elapsed
2419.608 sec elapsed
[1] "Model fitting done, performing FDR computation"
[1] "Fitting como model"
161.717 sec elapsed
99.842 sec elapsed
101.807 sec elapsed
273.271 sec elapsed
103.225 sec elapsed
104.349 sec elapsed
106.191 sec elapsed
110.021 sec elapsed
152.342 sec elapsed
629.936 sec elapsed
155.387 sec elapsed
157.466 sec elapsed
1472.806 sec elapsed
158.336 sec elapsed
1254.416 sec elapsed
[1] "Model fitting done, performing FDR computation"
[1] "Fitting como model"
100.398 sec elapsed
1514.987 sec elapsed
347.308 sec elapsed
138.448 sec elapsed
105.843 sec elapsed
143.59 sec elapsed
2111.888 sec elapsed
6557.039 sec elapsed
[1] "Model fitting done, performing FDR computation"
[1] "Fitting como model"
32.582 sec elapsed
394.596 sec elapsed
2313.557 sec elapsed
33.077 sec elapsed
149.624 sec elapsed
32.723 sec elapsed
32.98 sec elapsed
33.004 sec elapsed
32.92 sec elapsed
32.984 sec elapsed
208.662 sec elapsed
32.908 sec elapsed
192.36 sec elapsed
33.068 sec elapsed
33.823 sec elapsed
335.784 sec elapsed
[1] "Model fitting done, performing FDR computation"
[1] "Fitting como model"
415.183 sec elapsed
197.329 sec elapsed
165.009 sec elapsed
135.349 sec elapsed
443.486 sec elapsed
241.885 sec elapsed
1650.548 sec elapsed
139.572 sec elapsed
452.729 sec elapsed
4699.588 sec elapsed
[1] "Model fitting done, performing FDR computation"
[1] "Fitting como model"
140.935 sec elapsed
58.718 sec elapsed
245.914 sec elapsed
59.313 sec elapsed
365.521 sec elapsed
60.145 sec elapsed
180.961 sec elapsed
60.721 sec elapsed
61.493 sec elapsed
281.129 sec elapsed
3796.854 sec elapsed
[1] "Model fitting done, performing FDR computation"
[1] "Fitting como model"
94.541 sec elapsed
226.299 sec elapsed
692.02 sec elapsed
148.366 sec elapsed
97.992 sec elapsed
100.603 sec elapsed
123.015 sec elapsed
488.892 sec elapsed
2129.065 sec elapsed
[1] "Model fitting done, performing FDR computation"
230.552 sec elapsed
[1] "Fitting como model"
109.627 sec elapsed
126.82 sec elapsed
108.013 sec elapsed
815.552 sec elapsed
[1] "Model fitting done, performing FDR computation"
[1] "Fitting como model"
167.172 sec elapsed
129.347 sec elapsed
62.564 sec elapsed
67.172 sec elapsed
133.207 sec elapsed
68.701 sec elapsed
64.77 sec elapsed
138.677 sec elapsed
73.105 sec elapsed
338.896 sec elapsed
2551.297 sec elapsed
76.251 sec elapsed
626.382 sec elapsed
140.514 sec elapsed
72.732 sec elapsed
172.465 sec elapsed
75.84 sec elapsed
78.196 sec elapsed
248.338 sec elapsed
73.984 sec elapsed
718.109 sec elapsed
[1] "Model fitting done, performing FDR computation"
207.439 sec elapsed
[1] "Fitting como model"
1083.793 sec elapsed
239.482 sec elapsed
287.511 sec elapsed
255.218 sec elapsed
641.842 sec elapsed
346.544 sec elapsed
304.327 sec elapsed
386.906 sec elapsed
273.114 sec elapsed
1477.038 sec elapsed
470.998 sec elapsed
1897.197 sec elapsed
707.383 sec elapsed
1291.715 sec elapsed
3126.548 sec elapsed
[1] "Model fitting done, performing FDR computation"
[1] "Fitting como model"
546.898 sec elapsed
117.815 sec elapsed
88.208 sec elapsed
89.415 sec elapsed
503.405 sec elapsed
120.747 sec elapsed
589.943 sec elapsed
3520.545 sec elapsed
[1] "Model fitting done, performing FDR computation"
[1] "Fitting como model"
305.778 sec elapsed
416.883 sec elapsed
133.647 sec elapsed
137.726 sec elapsed
219.751 sec elapsed
3306.184 sec elapsed
8583.404 sec elapsed
[1] "Model fitting done, performing FDR computation"
[1] "Fitting como model"
142.567 sec elapsed
59.649 sec elapsed
59.909 sec elapsed
109.061 sec elapsed
247.886 sec elapsed
60.938 sec elapsed
62.123 sec elapsed
112.62 sec elapsed
62.87 sec elapsed
180.608 sec elapsed
3353.149 sec elapsed
[1] "Model fitting done, performing FDR computation"
[1] "Fitting como model"
714.106 sec elapsed
69.615 sec elapsed
63.939 sec elapsed
154.753 sec elapsed
1939.376 sec elapsed
72.695 sec elapsed
64.401 sec elapsed
59.854 sec elapsed
105.344 sec elapsed
63.623 sec elapsed
196.728 sec elapsed
108.746 sec elapsed
67.047 sec elapsed
302.653 sec elapsed
8835.708 sec elapsed
[1] "Model fitting done, performing FDR computation"
[1] "Fitting como model"
67.498 sec elapsed
113.504 sec elapsed
780.193 sec elapsed
[1] "Model fitting done, performing FDR computation"
[1] "Fitting como model"
63.999 sec elapsed
238.545 sec elapsed
68.163 sec elapsed
195.222 sec elapsed
69.307 sec elapsed
65.05 sec elapsed
657.534 sec elapsed
[1] "Model fitting done, performing FDR computation"
[1] "Fitting como model"
128.149 sec elapsed
28.652 sec elapsed
32.593 sec elapsed
325.263 sec elapsed
32.589 sec elapsed
32.58 sec elapsed
32.486 sec elapsed
135.989 sec elapsed
32.465 sec elapsed
30.512 sec elapsed
28.739 sec elapsed
170.569 sec elapsed
28.733 sec elapsed
134.031 sec elapsed
29.086 sec elapsed
314.108 sec elapsed
[1] "Model fitting done, performing FDR computation"
[1] "Fitting como model"
28.65 sec elapsed
29.056 sec elapsed
29.119 sec elapsed
193.469 sec elapsed
30.028 sec elapsed
163.044 sec elapsed
29.067 sec elapsed
673.156 sec elapsed
28.871 sec elapsed
30.444 sec elapsed
2966.157 sec elapsed
6714.547 sec elapsed
[1] "Model fitting done, performing FDR computation"
[1] "Fitting como model"
29.989 sec elapsed
1243.254 sec elapsed
30.194 sec elapsed
31.21 sec elapsed
302.156 sec elapsed
[1] "Model fitting done, performing FDR computation"
[1] "Fitting como model"
99.688 sec elapsed
212.518 sec elapsed
241.219 sec elapsed
100.49 sec elapsed
101.823 sec elapsed
222.047 sec elapsed
265.036 sec elapsed
260.536 sec elapsed
103.027 sec elapsed
165.707 sec elapsed
104.107 sec elapsed
71.382 sec elapsed
204.045 sec elapsed
109.879 sec elapsed
348.681 sec elapsed
414.73 sec elapsed
113.75 sec elapsed
154.432 sec elapsed
363.116 sec elapsed
339.758 sec elapsed
156.45 sec elapsed
1120.861 sec elapsed
[1] "Model fitting done, performing FDR computation"
[1] "Fitting como model"
421.836 sec elapsed
1274.048 sec elapsed
3178.661 sec elapsed
[1] "Model fitting done, performing FDR computation"
[1] "Fitting como model"
134.698 sec elapsed
132.397 sec elapsed
139.662 sec elapsed
368.836 sec elapsed
132.502 sec elapsed
106.96 sec elapsed
392.27 sec elapsed
2467.681 sec elapsed
[1] "Model fitting done, performing FDR computation"
[1] "Fitting como model"
134.142 sec elapsed
108.116 sec elapsed
592.414 sec elapsed
73.836 sec elapsed
119.519 sec elapsed
353.703 sec elapsed
90.435 sec elapsed
134.142 sec elapsed
1960.901 sec elapsed
270.867 sec elapsed
447.656 sec elapsed
203.548 sec elapsed
427.95 sec elapsed
3034.705 sec elapsed
[1] "Model fitting done, performing FDR computation"
[1] "Fitting como model"
334.128 sec elapsed
312.863 sec elapsed
65.117 sec elapsed
62.804 sec elapsed
239.29 sec elapsed
5087.58 sec elapsed
[1] "Model fitting done, performing FDR computation"
[1] "Fitting como model"
105.415 sec elapsed
88.998 sec elapsed
276.201 sec elapsed
107.113 sec elapsed
90.403 sec elapsed
109.235 sec elapsed
123.808 sec elapsed
139.459 sec elapsed
126.675 sec elapsed
359.412 sec elapsed
137.475 sec elapsed
1336.01 sec elapsed
700.143 sec elapsed
162.475 sec elapsed
137.276 sec elapsed
195.557 sec elapsed
242.119 sec elapsed
202.422 sec elapsed
173.743 sec elapsed
1219.887 sec elapsed
239.884 sec elapsed
275.453 sec elapsed
247.389 sec elapsed
1289.865 sec elapsed
[1] "Model fitting done, performing FDR computation"
599.007 sec elapsed
2387.832 sec elapsed
[1] "Model fitting done, performing FDR computation"
[1] "Fitting como model"
[1] "Fitting como model"
59.71 sec elapsed
417.262 sec elapsed
60.668 sec elapsed
133.127 sec elapsed
245.556 sec elapsed
62.221 sec elapsed
428.031 sec elapsed
278.712 sec elapsed
63.581 sec elapsed
135.344 sec elapsed
65.045 sec elapsed
67.792 sec elapsed
139.007 sec elapsed
287.212 sec elapsed
77.233 sec elapsed
77.423 sec elapsed
325.503 sec elapsed
4009.81 sec elapsed
[1] "Model fitting done, performing FDR computation"
[1] "Fitting como model"
177.889 sec elapsed
72.105 sec elapsed
442.359 sec elapsed
559.373 sec elapsed
71.065 sec elapsed
681.541 sec elapsed
[1] "Model fitting done, performing FDR computation"
121.854 sec elapsed
[1] "Fitting como model"
336.735 sec elapsed
2687.944 sec elapsed
[1] "Model fitting done, performing FDR computation"
[1] "Fitting como model"
89.667 sec elapsed
59.431 sec elapsed
153.643 sec elapsed
60.377 sec elapsed
122.35 sec elapsed
60.572 sec elapsed
62.21 sec elapsed
64.095 sec elapsed
493.755 sec elapsed
67.342 sec elapsed
250.258 sec elapsed
317.327 sec elapsed
67.284 sec elapsed
67.974 sec elapsed
160.948 sec elapsed
69.762 sec elapsed
70.309 sec elapsed
654.081 sec elapsed
[1] "Model fitting done, performing FDR computation"
[1] "Fitting como model"
770.627 sec elapsed
29.03 sec elapsed
29.461 sec elapsed
196.378 sec elapsed
29.389 sec elapsed
29.316 sec elapsed
29.336 sec elapsed
29.357 sec elapsed
500.962 sec elapsed
29.376 sec elapsed
28.904 sec elapsed
28.933 sec elapsed
28.984 sec elapsed
297.514 sec elapsed
[1] "Model fitting done, performing FDR computation"
[1] "Fitting como model"
239.75 sec elapsed
642.323 sec elapsed
58.787 sec elapsed
1251.963 sec elapsed
59.772 sec elapsed
61.371 sec elapsed
63.251 sec elapsed
275.832 sec elapsed
237.531 sec elapsed
64.772 sec elapsed
274.115 sec elapsed
67.567 sec elapsed
508.289 sec elapsed
4446.013 sec elapsed
[1] "Model fitting done, performing FDR computation"
[1] "Fitting como model"
67.683 sec elapsed
68.726 sec elapsed
70.137 sec elapsed
199.303 sec elapsed
346.51 sec elapsed
70.805 sec elapsed
657.272 sec elapsed
[1] "Model fitting done, performing FDR computation"
[1] "Fitting como model"
316.465 sec elapsed
1019.845 sec elapsed
3566.652 sec elapsed
[1] "Model fitting done, performing FDR computation"
[1] "Fitting como model"
58.702 sec elapsed
449.989 sec elapsed
59.014 sec elapsed
202.413 sec elapsed
89.064 sec elapsed
59.449 sec elapsed
59.867 sec elapsed
121.422 sec elapsed
175.297 sec elapsed
60.355 sec elapsed
381.224 sec elapsed
60.764 sec elapsed
398.128 sec elapsed
61 sec elapsed
189.253 sec elapsed
179.997 sec elapsed
61.608 sec elapsed
62.402 sec elapsed
64.039 sec elapsed
611.711 sec elapsed
[1] "Model fitting done, performing FDR computation"
[1] "Fitting como model"
193.55 sec elapsed
224.891 sec elapsed
148.539 sec elapsed
452.271 sec elapsed
2650.15 sec elapsed
[1] "Model fitting done, performing FDR computation"
[1] "Fitting como model"
59.182 sec elapsed
233.329 sec elapsed
480.38 sec elapsed
843.623 sec elapsed
59.891 sec elapsed
91.823 sec elapsed
93.795 sec elapsed
311.59 sec elapsed
96.8 sec elapsed
479.183 sec elapsed
99.621 sec elapsed
101.808 sec elapsed
518.83 sec elapsed
3830.721 sec elapsed
[1] "Model fitting done, performing FDR computation"
[1] "Fitting como model"
742.286 sec elapsed
315.032 sec elapsed
102.32 sec elapsed
100.136 sec elapsed
68.803 sec elapsed
102.525 sec elapsed
104.239 sec elapsed
882.982 sec elapsed
[1] "Model fitting done, performing FDR computation"
[1] "Fitting como model"
103.987 sec elapsed
88.887 sec elapsed
313.789 sec elapsed
105.388 sec elapsed
89.356 sec elapsed
108.381 sec elapsed
91.338 sec elapsed
766.451 sec elapsed
93.832 sec elapsed
151.876 sec elapsed
129.872 sec elapsed
1291.265 sec elapsed
155.66 sec elapsed
134.434 sec elapsed
171.537 sec elapsed
207.557 sec elapsed
1290.828 sec elapsed
548.543 sec elapsed
382.096 sec elapsed
1548.078 sec elapsed
348.302 sec elapsed
1741.615 sec elapsed
[1] "Model fitting done, performing FDR computation"
[1] "Fitting como model"
1478.263 sec elapsed
87.868 sec elapsed
88.446 sec elapsed
160.801 sec elapsed
88.713 sec elapsed
89.372 sec elapsed
1028.163 sec elapsed
166.183 sec elapsed
90.524 sec elapsed
121.457 sec elapsed
1819.694 sec elapsed
671.079 sec elapsed
3990.739 sec elapsed
[1] "Model fitting done, performing FDR computation"
[1] "Fitting como model"
242.323 sec elapsed
59.101 sec elapsed
59.602 sec elapsed
153.201 sec elapsed
59.93 sec elapsed
60.443 sec elapsed
60.876 sec elapsed
312.627 sec elapsed
61.351 sec elapsed
248.763 sec elapsed
61.794 sec elapsed
1735.002 sec elapsed
62.734 sec elapsed
64.766 sec elapsed
67.883 sec elapsed
623.106 sec elapsed
[1] "Model fitting done, performing FDR computation"
[1] "Fitting como model"
148.719 sec elapsed
416.342 sec elapsed
489.937 sec elapsed
244.513 sec elapsed
282.844 sec elapsed
1549.848 sec elapsed
3960.699 sec elapsed
[1] "Model fitting done, performing FDR computation"
[1] "Fitting como model"
65.752 sec elapsed
623.761 sec elapsed
2012.96 sec elapsed
[1] "Model fitting done, performing FDR computation"
[1] "Fitting como model"
67.543 sec elapsed
192.512 sec elapsed
669.225 sec elapsed
4918.387 sec elapsed
[1] "Model fitting done, performing FDR computation"
[1] "Fitting como model"
87.099 sec elapsed
67.769 sec elapsed
68.518 sec elapsed
117.555 sec elapsed
69.148 sec elapsed
198.871 sec elapsed
208.167 sec elapsed
119.1 sec elapsed
70.65 sec elapsed
73.186 sec elapsed
120.28 sec elapsed
120.515 sec elapsed
173.204 sec elapsed
76.141 sec elapsed
122.209 sec elapsed
75.315 sec elapsed
175.158 sec elapsed
75.365 sec elapsed
714.886 sec elapsed
[1] "Model fitting done, performing FDR computation"
[1] "Fitting como model"
274.965 sec elapsed
185.492 sec elapsed
135.996 sec elapsed
2249.685 sec elapsed
8001.021 sec elapsed
[1] "Model fitting done, performing FDR computation"
[1] "Fitting como model"
211.532 sec elapsed
88.84 sec elapsed
89.752 sec elapsed
90.813 sec elapsed
433.765 sec elapsed
374.375 sec elapsed
2178.124 sec elapsed
122.482 sec elapsed
460.678 sec elapsed
210.368 sec elapsed
185.313 sec elapsed
765.509 sec elapsed
249.391 sec elapsed
169.776 sec elapsed
342.479 sec elapsed
602.105 sec elapsed
207.931 sec elapsed
256.745 sec elapsed
159.631 sec elapsed
746.059 sec elapsed
2838.881 sec elapsed
[1] "Model fitting done, performing FDR computation"
[1] "Fitting como model"
165.87 sec elapsed
244.107 sec elapsed
233.691 sec elapsed
89.205 sec elapsed
90.98 sec elapsed
171.72 sec elapsed
93.878 sec elapsed
276.649 sec elapsed
277.429 sec elapsed
170.697 sec elapsed
1592.331 sec elapsed
[1] "Model fitting done, performing FDR computation"
[1] "Fitting como model"
128.631 sec elapsed
120.209 sec elapsed
869.13 sec elapsed
275.998 sec elapsed
231.307 sec elapsed
312.216 sec elapsed
2617.006 sec elapsed
[1] "Model fitting done, performing FDR computation"
[1] "Fitting como model"
58.427 sec elapsed
59.153 sec elapsed
341.328 sec elapsed
60.508 sec elapsed
62.455 sec elapsed
316.765 sec elapsed
64.546 sec elapsed
65.986 sec elapsed
67.667 sec elapsed
67.606 sec elapsed
346.528 sec elapsed
68.041 sec elapsed
355.805 sec elapsed
2692.284 sec elapsed
[1] "Model fitting done, performing FDR computation"
[1] "Fitting como model"
69.071 sec elapsed
647.941 sec elapsed
[1] "Model fitting done, performing FDR computation"
[1] "Fitting como model"
755.169 sec elapsed
99.588 sec elapsed
119.568 sec elapsed
288.799 sec elapsed
136.965 sec elapsed
213.093 sec elapsed
141.2 sec elapsed
2547.877 sec elapsed
9481.527 sec elapsed
[1] "Model fitting done, performing FDR computation"
[1] "Fitting como model"
1234.308 sec elapsed
144.554 sec elapsed
186.007 sec elapsed
166.639 sec elapsed
398.87 sec elapsed
128.126 sec elapsed
225.693 sec elapsed
207.352 sec elapsed
195.699 sec elapsed
297.786 sec elapsed
212.433 sec elapsed
454.19 sec elapsed
236.267 sec elapsed
217.533 sec elapsed
456.09 sec elapsed
306.767 sec elapsed
551.369 sec elapsed
395.564 sec elapsed
1534.019 sec elapsed
353.6 sec elapsed
245.434 sec elapsed
493.764 sec elapsed
558.262 sec elapsed
352.077 sec elapsed
1738.154 sec elapsed
5601.431 sec elapsed
[1] "Model fitting done, performing FDR computation"
[1] "Fitting como model"
437.443 sec elapsed
93.421 sec elapsed
389.909 sec elapsed
877.242 sec elapsed
93.692 sec elapsed
94.459 sec elapsed
128.17 sec elapsed
495.676 sec elapsed
4021.046 sec elapsed
[1] "Model fitting done, performing FDR computation"
[1] "Fitting como model"
516.635 sec elapsed
118.622 sec elapsed
765.278 sec elapsed
2905.485 sec elapsed
[1] "Model fitting done, performing FDR computation"
229.824 sec elapsed
[1] "Fitting como model"
566.744 sec elapsed
3861.087 sec elapsed
[1] "Model fitting done, performing FDR computation"
[1] "Fitting como model"
121.191 sec elapsed
90.176 sec elapsed
168.246 sec elapsed
61.973 sec elapsed
123.789 sec elapsed
96.394 sec elapsed
126.884 sec elapsed
405.65 sec elapsed
131.531 sec elapsed
558.078 sec elapsed
162.428 sec elapsed
204.085 sec elapsed
167.406 sec elapsed
1253.91 sec elapsed
598.037 sec elapsed
3580.525 sec elapsed
[1] "Model fitting done, performing FDR computation"
[1] "Fitting como model"
674.252 sec elapsed
519.083 sec elapsed
132.003 sec elapsed
623.839 sec elapsed
137.607 sec elapsed
210.513 sec elapsed
526.609 sec elapsed
213.743 sec elapsed
1770.934 sec elapsed
225.793 sec elapsed
1048.413 sec elapsed
564.596 sec elapsed
312.285 sec elapsed
1749.263 sec elapsed
357.605 sec elapsed
1582.617 sec elapsed
601.658 sec elapsed
3037.033 sec elapsed
[1] "Model fitting done, performing FDR computation"
[1] "Fitting como model"
58.762 sec elapsed
59.549 sec elapsed
59.887 sec elapsed
397.304 sec elapsed
60.493 sec elapsed
311.064 sec elapsed
61.167 sec elapsed
62.209 sec elapsed
64.05 sec elapsed
66.701 sec elapsed
67.489 sec elapsed
67.407 sec elapsed
632.46 sec elapsed
[1] "Model fitting done, performing FDR computation"
[1] "Fitting como model"
473.403 sec elapsed
432.87 sec elapsed
59.078 sec elapsed
59.647 sec elapsed
60.308 sec elapsed
1623.364 sec elapsed
60.884 sec elapsed
61.436 sec elapsed
62.749 sec elapsed
65.214 sec elapsed
67.516 sec elapsed
514.388 sec elapsed
2980.574 sec elapsed
[1] "Model fitting done, performing FDR computation"
[1] "Fitting como model"
67.724 sec elapsed
539.976 sec elapsed
4079.735 sec elapsed
[1] "Model fitting done, performing FDR computation"
[1] "Fitting como model"
66.026 sec elapsed
67.736 sec elapsed
636.98 sec elapsed
[1] "Model fitting done, performing FDR computation"
[1] "Fitting como model"
66.26 sec elapsed
118.409 sec elapsed
88.897 sec elapsed
67.66 sec elapsed
67.907 sec elapsed
2398.044 sec elapsed
90.375 sec elapsed
150.917 sec elapsed
68.177 sec elapsed
91.244 sec elapsed
70.025 sec elapsed
92.003 sec elapsed
72.431 sec elapsed
2091.301 sec elapsed
7472.619 sec elapsed
[1] "Model fitting done, performing FDR computation"
[1] "Fitting como model"
74.203 sec elapsed
93.359 sec elapsed
288.767 sec elapsed
75.7 sec elapsed
119.186 sec elapsed
96.588 sec elapsed
75.703 sec elapsed
709.743 sec elapsed
[1] "Model fitting done, performing FDR computation"
[1] "Fitting como model"
101.217 sec elapsed
65.835 sec elapsed
66.287 sec elapsed
137.506 sec elapsed
66.957 sec elapsed
67.324 sec elapsed
403.651 sec elapsed
67.782 sec elapsed
68.182 sec elapsed
277.777 sec elapsed
122.242 sec elapsed
68.873 sec elapsed
580.438 sec elapsed
70.224 sec elapsed
155.482 sec elapsed
72.349 sec elapsed
75.126 sec elapsed
694.275 sec elapsed
[1] "Model fitting done, performing FDR computation"
[1] "Fitting como model"
386.024 sec elapsed
1459.73 sec elapsed
[1] "Model fitting done, performing FDR computation"
133.338 sec elapsed
[1] "Fitting como model"
252.508 sec elapsed
119.277 sec elapsed
135.471 sec elapsed
197.483 sec elapsed
120.959 sec elapsed
137.493 sec elapsed
122.603 sec elapsed
174.029 sec elapsed
229.112 sec elapsed
154.047 sec elapsed
2457.697 sec elapsed
6853.982 sec elapsed
[1] "Model fitting done, performing FDR computation"
952.335 sec elapsed
[1] "Fitting como model"
92.773 sec elapsed
255.327 sec elapsed
126.738 sec elapsed
96.936 sec elapsed
490.163 sec elapsed
257.271 sec elapsed
104.424 sec elapsed
109.813 sec elapsed
634.858 sec elapsed
109.462 sec elapsed
316.795 sec elapsed
2314.018 sec elapsed
[1] "Model fitting done, performing FDR computation"
[1] "Fitting como model"
168.472 sec elapsed
61.297 sec elapsed
144.185 sec elapsed
60.013 sec elapsed
60.644 sec elapsed
530.559 sec elapsed
139.762 sec elapsed
61.025 sec elapsed
206.211 sec elapsed
61.787 sec elapsed
64.07 sec elapsed
178.284 sec elapsed
67.569 sec elapsed
242.406 sec elapsed
67.813 sec elapsed
3116.242 sec elapsed
67.993 sec elapsed
181.447 sec elapsed
1288.858 sec elapsed
[1] "Model fitting done, performing FDR computation"
[1] "Fitting como model"
68.168 sec elapsed
644.903 sec elapsed
[1] "Model fitting done, performing FDR computation"
[1] "Fitting como model"
124.382 sec elapsed
549.934 sec elapsed
89.312 sec elapsed
277.49 sec elapsed
126.471 sec elapsed
120.374 sec elapsed
163.803 sec elapsed
184.14 sec elapsed
312.196 sec elapsed
2363.028 sec elapsed
[1] "Model fitting done, performing FDR computation"
[1] "Fitting como model"
89.057 sec elapsed
167.594 sec elapsed
91.434 sec elapsed
577.365 sec elapsed
93.718 sec elapsed
207.266 sec elapsed
95.689 sec elapsed
528.029 sec elapsed
251.569 sec elapsed
229.814 sec elapsed
157.596 sec elapsed
135.769 sec elapsed
663.955 sec elapsed
326.856 sec elapsed
259.819 sec elapsed
173.711 sec elapsed
282.231 sec elapsed
359.638 sec elapsed
444.793 sec elapsed
433.794 sec elapsed
495.958 sec elapsed
3523.39 sec elapsed
593.576 sec elapsed
471.755 sec elapsed
2637.909 sec elapsed
[1] "Model fitting done, performing FDR computation"
[1] "Fitting como model"
91.4 sec elapsed
1445.39 sec elapsed
4843.483 sec elapsed
[1] "Model fitting done, performing FDR computation"
[1] "Fitting como model"
92.381 sec elapsed
712.473 sec elapsed
2404.799 sec elapsed
[1] "Model fitting done, performing FDR computation"
66.32 sec elapsed
[1] "Fitting como model"
66.684 sec elapsed
88.909 sec elapsed
187.114 sec elapsed
67.611 sec elapsed
90.183 sec elapsed
68.465 sec elapsed
127.166 sec elapsed
69.532 sec elapsed
91.338 sec elapsed
762.251 sec elapsed
70.73 sec elapsed
93.147 sec elapsed
130.061 sec elapsed
72.86 sec elapsed
75.51 sec elapsed
126.83 sec elapsed
168.771 sec elapsed
3512.119 sec elapsed
76.444 sec elapsed
130.174 sec elapsed
75.707 sec elapsed
715.878 sec elapsed
[1] "Model fitting done, performing FDR computation"
[1] "Fitting como model"
66.067 sec elapsed
66.695 sec elapsed
169.47 sec elapsed
272.251 sec elapsed
67.493 sec elapsed
68.3 sec elapsed
69.431 sec elapsed
206.585 sec elapsed
71.959 sec elapsed
75.873 sec elapsed
74.996 sec elapsed
939.163 sec elapsed
4083.696 sec elapsed
[1] "Model fitting done, performing FDR computation"
[1] "Fitting como model"
75.212 sec elapsed
515.556 sec elapsed
75.373 sec elapsed
716.932 sec elapsed
[1] "Model fitting done, performing FDR computation"
383.703 sec elapsed
[1] "Fitting como model"
148.388 sec elapsed
89.093 sec elapsed
100.253 sec elapsed
90.71 sec elapsed
102.025 sec elapsed
91.916 sec elapsed
138.238 sec elapsed
94.386 sec elapsed
129.783 sec elapsed
594.874 sec elapsed
1979.849 sec elapsed
[1] "Model fitting done, performing FDR computation"
[1] "Fitting como model"
283.44 sec elapsed
2702.156 sec elapsed
135.752 sec elapsed
89.253 sec elapsed
146.975 sec elapsed
90.504 sec elapsed
862.379 sec elapsed
171.069 sec elapsed
92.109 sec elapsed
189.382 sec elapsed
93.639 sec elapsed
171.887 sec elapsed
63.617 sec elapsed
98.86 sec elapsed
270.594 sec elapsed
277.346 sec elapsed
1404.718 sec elapsed
[1] "Model fitting done, performing FDR computation"
136.263 sec elapsed
[1] "Fitting como model"
124.617 sec elapsed
138.504 sec elapsed
133.077 sec elapsed
386.962 sec elapsed
96.806 sec elapsed
245.218 sec elapsed
134.896 sec elapsed
132.014 sec elapsed
1229.616 sec elapsed
3681.224 sec elapsed
[1] "Model fitting done, performing FDR computation"
[1] "Fitting como model"
169.908 sec elapsed
420.836 sec elapsed
1473.641 sec elapsed
[1] "Model fitting done, performing FDR computation"
[1] "Fitting como model"
99.128 sec elapsed
88.036 sec elapsed
585.853 sec elapsed
96.413 sec elapsed
217.309 sec elapsed
118.631 sec elapsed
90.946 sec elapsed
119.885 sec elapsed
123.068 sec elapsed
121.392 sec elapsed
251.851 sec elapsed
484.959 sec elapsed
248.546 sec elapsed
784.787 sec elapsed
2994.226 sec elapsed
[1] "Model fitting done, performing FDR computation"
3828.91 sec elapsed
[1] "Fitting como model"
133.63 sec elapsed
552.926 sec elapsed
168.71 sec elapsed
546.654 sec elapsed
793.336 sec elapsed
314.475 sec elapsed
3173.84 sec elapsed
904.536 sec elapsed
1047.712 sec elapsed
819.969 sec elapsed
219.783 sec elapsed
1041.335 sec elapsed
3333.134 sec elapsed
[1] "Model fitting done, performing FDR computation"
[1] "Fitting como model"
65.755 sec elapsed
66.378 sec elapsed
259.259 sec elapsed
60.221 sec elapsed
64.271 sec elapsed
68.077 sec elapsed
68.727 sec elapsed
69.779 sec elapsed
300.08 sec elapsed
3045.948 sec elapsed
[1] "Model fitting done, performing FDR computation"
[1] "Fitting como model"
72.27 sec elapsed
98.929 sec elapsed
71.084 sec elapsed
67.082 sec elapsed
678.599 sec elapsed
[1] "Model fitting done, performing FDR computation"
91.914 sec elapsed
[1] "Fitting como model"
90.382 sec elapsed
87.788 sec elapsed
88.981 sec elapsed
121.683 sec elapsed
1282.798 sec elapsed
89.966 sec elapsed
91.102 sec elapsed
185.374 sec elapsed
122.994 sec elapsed
1466.474 sec elapsed
132.708 sec elapsed
329.164 sec elapsed
246.025 sec elapsed
562.288 sec elapsed
441.008 sec elapsed
3802.982 sec elapsed
1700.644 sec elapsed
639.169 sec elapsed
802.939 sec elapsed
3666.322 sec elapsed
182.967 sec elapsed
219.78 sec elapsed
2690.133 sec elapsed
[1] "Model fitting done, performing FDR computation"
[1] "Fitting como model"
377.577 sec elapsed
15538.808 sec elapsed
[1] "Model fitting done, performing FDR computation"
[1] "Fitting como model"
95.608 sec elapsed
97.175 sec elapsed
166.924 sec elapsed
853.559 sec elapsed
2798.14 sec elapsed
[1] "Model fitting done, performing FDR computation"
[1] "Fitting como model"
90.929 sec elapsed
189.233 sec elapsed
99.987 sec elapsed
95.757 sec elapsed
90.144 sec elapsed
90.582 sec elapsed
91.927 sec elapsed
93.759 sec elapsed
95.771 sec elapsed
727.71 sec elapsed
136.395 sec elapsed
209.576 sec elapsed
150.053 sec elapsed
1039.904 sec elapsed
[1] "Model fitting done, performing FDR computation"
[1] "Fitting como model"
90.976 sec elapsed
99.668 sec elapsed
210.641 sec elapsed
2164.25 sec elapsed
7299.96 sec elapsed
[1] "Model fitting done, performing FDR computation"
[1] "Fitting como model"
96.702 sec elapsed
88.78 sec elapsed
100.848 sec elapsed
90.135 sec elapsed
262.653 sec elapsed
90.925 sec elapsed
136.017 sec elapsed
93.005 sec elapsed
147.152 sec elapsed
126.246 sec elapsed
141.79 sec elapsed
130.715 sec elapsed
169.427 sec elapsed
277.494 sec elapsed
274.087 sec elapsed
471.475 sec elapsed
379.362 sec elapsed
591.581 sec elapsed
2039.062 sec elapsed
[1] "Model fitting done, performing FDR computation"
[1] "Fitting como model"
761.158 sec elapsed
2328.177 sec elapsed
[1] "Model fitting done, performing FDR computation"
[1] "Fitting como model"
119.386 sec elapsed
64.654 sec elapsed
61.82 sec elapsed
58.706 sec elapsed
182.239 sec elapsed
58.923 sec elapsed
63.757 sec elapsed
65.043 sec elapsed
65.44 sec elapsed
217.591 sec elapsed
60.193 sec elapsed
65.689 sec elapsed
67.774 sec elapsed
636.724 sec elapsed
[1] "Model fitting done, performing FDR computation"
[1] "Fitting como model"
220.996 sec elapsed
159.035 sec elapsed
133.371 sec elapsed
389.339 sec elapsed
162.989 sec elapsed
169.222 sec elapsed
131.707 sec elapsed
101.788 sec elapsed
103.25 sec elapsed
104.711 sec elapsed
705.349 sec elapsed
3676.677 sec elapsed
104.9 sec elapsed
112.84 sec elapsed
1288.294 sec elapsed
[1] "Model fitting done, performing FDR computation"
[1] "Fitting como model"
96.59 sec elapsed
93.44 sec elapsed
137.682 sec elapsed
272.422 sec elapsed
1004.574 sec elapsed
702.815 sec elapsed
1415.468 sec elapsed
2113.91 sec elapsed
262.857 sec elapsed
300.061 sec elapsed
3704.18 sec elapsed
362.751 sec elapsed
