# weights:  62
initial  value 3171.907078 
# weights:  62
initial  value 3186.485151 
iter  10 value 2838.982581
iter  10 value 2863.457809
iter  20 value 2825.601451
iter  20 value 2837.630510
iter  30 value 2821.133275
iter  40 value 2820.478623
iter  30 value 2833.337901
final  value 2820.470551 
converged
# weights:  62
initial  value 3036.074736 
iter  40 value 2832.961508
final  value 2832.959278 
converged
iter  10 value 2493.797392
# weights:  62
initial  value 2996.349004 
iter  20 value 2470.304547
iter  10 value 2517.749460
iter  30 value 2468.115683
iter  40 value 2467.941434
iter  20 value 2499.814910
final  value 2467.936549 
converged
# weights:  62
initial  value 3205.290979 
iter  30 value 2498.376976
iter  10 value 2205.710204
iter  40 value 2498.286771
iter  20 value 2176.663758
iter  50 value 2498.282480
iter  30 value 2174.120244
final  value 2498.282099 
converged
# weights:  62
initial  value 3016.309820 
iter  40 value 2173.852739
iter  50 value 2173.782384
iter  10 value 2258.611664
final  value 2173.781798 
converged
# weights:  62
initial  value 2982.275949 
iter  20 value 2217.522007
iter  30 value 2214.517412
iter  10 value 2015.474383
iter  40 value 2214.439320
iter  20 value 1978.132747
final  value 2214.438348 
converged
# weights:  62
initial  value 3041.431775 
iter  30 value 1976.601024
iter  10 value 2076.743240
iter  40 value 1976.500545
iter  20 value 2030.851921
iter  50 value 1976.478048
final  value 1976.477757 
converged
iter  30 value 2027.243832
# weights:  62
initial  value 3189.962935 
iter  40 value 2027.121305
iter  10 value 1863.264726
iter  50 value 2027.103940
final  value 2027.103506 
converged
iter  20 value 1846.477982
# weights:  62
initial  value 2923.746255 
iter  30 value 1843.358841
iter  10 value 1943.349608
iter  40 value 1842.504268
iter  20 value 1912.189533
final  value 1842.459115 
converged
iter  30 value 1907.404282
# weights:  62
initial  value 2737.341724 
iter  40 value 1906.613002
iter  10 value 1771.709166
iter  50 value 1906.533532
final  value 1906.532810 
converged
iter  20 value 1745.936028
# weights:  62
initial  value 3350.560870 
iter  30 value 1744.657512
iter  10 value 1922.134718
iter  40 value 1744.383579
iter  50 value 1744.351115
iter  20 value 1828.663021
final  value 1744.350657 
converged
iter  30 value 1824.936669
# weights:  62
initial  value 3257.833692 
iter  40 value 1824.593296
iter  10 value 1691.699276
iter  50 value 1824.530184
iter  20 value 1670.951144
iter  60 value 1824.524830
final  value 1824.524782 
converged
iter  30 value 1667.830805
# weights:  62
initial  value 3054.746357 
iter  40 value 1667.330665
iter  10 value 1824.871363
iter  50 value 1667.301965
iter  20 value 1767.697813
final  value 1667.301507 
converged
# weights:  62
initial  value 2766.479293 
iter  30 value 1764.771421
iter  40 value 1764.698575
iter  10 value 1629.567719
iter  50 value 1764.683407
iter  20 value 1604.985588
final  value 1764.681949 
converged
iter  30 value 1603.542670
# weights:  62
initial  value 3200.102346 
iter  40 value 1603.495092
iter  10 value 1745.152306
iter  50 value 1603.474822
iter  20 value 1721.486113
final  value 1603.474016 
converged
# weights:  62
initial  value 3256.150265 
iter  30 value 1718.862813
iter  10 value 1618.112396
iter  40 value 1718.282370
iter  20 value 1555.773961
iter  50 value 1718.072367
final  value 1718.067919 
converged
iter  30 value 1549.154040
# weights:  62
initial  value 3422.096392 
iter  40 value 1548.723898
iter  10 value 1705.955702
iter  50 value 1548.701985
iter  20 value 1686.840892
iter  60 value 1548.698902
final  value 1548.698857 
converged
# weights:  62
initial  value 2899.820595 
iter  30 value 1680.558316
iter  40 value 1679.822267
iter  10 value 1533.634406
iter  50 value 1679.743235
iter  20 value 1504.738294
final  value 1679.738941 
converged
# weights:  62
initial  value 3239.066694 
iter  30 value 1500.820093
iter  40 value 1500.534747
iter  10 value 1685.316190
iter  50 value 1500.514074
iter  20 value 1649.202062
final  value 1500.511510 
converged
# weights:  62
initial  value 2703.276117 
iter  30 value 1647.295114
iter  40 value 1647.066145
iter  10 value 1520.863449
iter  50 value 1647.024535
iter  20 value 1460.154732
final  value 1647.023338 
converged
# weights:  62
initial  value 3061.821545 
iter  30 value 1457.929084
iter  40 value 1457.444377
iter  10 value 1637.907626
iter  50 value 1457.379569
iter  20 value 1619.537535
iter  30 value 1618.259077
final  value 1457.376149 
converged
# weights:  62
initial  value 3494.357030 
iter  40 value 1618.192464
iter  10 value 1443.304124
iter  50 value 1618.187712
final  value 1618.187185 
converged
iter  20 value 1420.174917
# weights:  62
initial  value 3544.650106 
iter  30 value 1418.559186
iter  10 value 1619.119149
iter  40 value 1418.395970
iter  20 value 1594.491120
final  value 1418.391921 
converged
iter  30 value 1592.652152
# weights:  62
initial  value 3304.754350 
iter  40 value 1592.248759
iter  10 value 1424.481699
iter  50 value 1592.195050
iter  20 value 1384.971269
final  value 1592.194010 
converged
# weights:  62
initial  value 3301.895720 
iter  30 value 1383.309838
iter  10 value 1591.020387
iter  40 value 1382.795223
iter  20 value 1570.588590
iter  50 value 1382.689865
iter  30 value 1568.499989
final  value 1382.689051 
converged
# weights:  62
initial  value 2999.520299 
iter  40 value 1568.386724
iter  10 value 1357.951704
iter  50 value 1568.382089
final  value 1568.381765 
converged
iter  20 value 1350.473278
# weights:  62
initial  value 3160.850682 
iter  30 value 1349.890568
iter  30 value 1349.890555
iter  10 value 1576.358430
iter  20 value 1551.721492
iter  40 value 1349.881703
iter  30 value 1546.982962
iter  50 value 1349.880361
iter  40 value 1546.364266
iter  60 value 1349.878307
iter  50 value 1546.318172
final  value 1349.877559 
converged
# weights:  62
initial  value 3273.041832 
iter  60 value 1546.303739
final  value 1546.303540 
converged
# weights:  62
initial  value 3037.157194 
iter  10 value 1365.468533
iter  10 value 1560.017521
iter  20 value 1346.452641
iter  20 value 1528.622469
iter  30 value 1345.053206
iter  30 value 1526.881480
iter  40 value 1344.503564
iter  40 value 1525.833064
iter  50 value 1343.554169
iter  50 value 1525.695965
iter  60 value 1341.866506
iter  70 value 1341.585539
final  value 1525.685359 
converged
final  value 1341.576872 
converged
# weights:  62
initial  value 3069.635425 
# weights:  62
initial  value 3503.248715 
iter  10 value 1569.761905
iter  10 value 1321.013743
iter  20 value 1509.645191
iter  20 value 1303.919327
iter  30 value 1506.695949
iter  30 value 1301.743168
iter  40 value 1506.361299
iter  40 value 1301.624280
iter  50 value 1506.300302
iter  50 value 1301.579179
iter  60 value 1506.291335
iter  60 value 1506.291329
iter  60 value 1506.291327
final  value 1506.291327 
converged
# weights:  62
initial  value 2940.714668 
final  value 1301.578441 
converged
# weights:  62
initial  value 2918.866705 
iter  10 value 1539.004887
iter  10 value 1299.178703
iter  20 value 1491.122378
iter  20 value 1274.222813
iter  30 value 1488.493920
iter  30 value 1270.897356
iter  40 value 1487.938447
iter  40 value 1270.254451
iter  50 value 1487.893121
iter  50 value 1270.176184
final  value 1487.892248 
converged
# weights:  62
initial  value 2742.653897 
final  value 1270.171711 
converged
# weights:  62
initial  value 2815.747429 
iter  10 value 1486.780991
iter  10 value 1251.475978
iter  20 value 1471.998142
iter  30 value 1470.840675
iter  20 value 1244.439650
iter  40 value 1470.568874
iter  30 value 1243.998256
iter  50 value 1470.523252
iter  40 value 1243.966591
final  value 1470.522024 
converged
# weights:  62
initial  value 2928.227453 
final  value 1243.958935 
converged
# weights:  62
initial  value 3143.075596 
iter  10 value 1505.305359
iter  10 value 1237.123959
iter  20 value 1457.409735
iter  30 value 1454.285821
iter  20 value 1222.145738
iter  40 value 1453.840361
iter  30 value 1221.020059
iter  50 value 1453.781550
iter  40 value 1220.671854
iter  60 value 1453.775497
iter  60 value 1453.775487
iter  60 value 1453.775487
final  value 1453.775487 
converged
iter  50 value 1220.571311
# weights:  62
initial  value 2786.860324 
final  value 1220.570495 
converged
# weights:  62
initial  value 3399.356831 
iter  10 value 1464.804926
iter  20 value 1439.560269
iter  10 value 1210.273297
iter  30 value 1438.338655
iter  20 value 1200.086190
iter  40 value 1437.850508
iter  30 value 1199.184125
iter  50 value 1437.780324
iter  40 value 1199.131670
final  value 1437.779660 
converged
# weights:  62
initial  value 3071.148012 
iter  50 value 1199.126199
final  value 1199.126062 
converged
# weights:  62
iter  10 value 1436.932478
initial  value 3362.179187 
iter  20 value 1423.954843
iter  10 value 1196.773963
iter  30 value 1422.545978
iter  20 value 1180.300568
iter  40 value 1422.436455
iter  30 value 1179.410000
iter  50 value 1422.430082
final  value 1422.429990 
converged
iter  40 value 1179.362886
# weights:  62
initial  value 3131.853412 
iter  50 value 1179.354481
iter  10 value 1434.187771
final  value 1179.354080 
converged
# weights:  62
initial  value 3129.014881 
iter  20 value 1409.582744
iter  10 value 1202.486847
iter  30 value 1408.125219
iter  40 value 1407.721715
iter  20 value 1168.567086
iter  50 value 1407.653498
iter  30 value 1161.989371
final  value 1407.651184 
converged
# weights:  62
initial  value 3354.444692 
iter  40 value 1161.081364
iter  50 value 1161.068610
iter  10 value 1419.770041
final  value 1161.067362 
converged
iter  20 value 1396.657901
# weights:  62
initial  value 3275.186448 
iter  30 value 1393.749863
iter  10 value 1155.708377
iter  40 value 1393.508392
iter  20 value 1145.234810
iter  50 value 1393.490285
iter  30 value 1144.261308
final  value 1393.488289 
converged
# weights:  62
initial  value 3142.755512 
iter  40 value 1144.189102
iter  10 value 1406.187318
iter  50 value 1144.173024
final  value 1144.172710 
converged
iter  20 value 1381.338654
# weights:  62
initial  value 2798.592961 
iter  30 value 1380.047430
iter  10 value 1134.713613
iter  40 value 1379.829726
iter  20 value 1129.273348
iter  50 value 1379.775796
final  value 1379.775283 
converged
iter  30 value 1128.692775
# weights:  62
initial  value 3426.237350 
iter  40 value 1128.510740
iter  50 value 1128.499456
iter  10 value 1388.824241
final  value 1128.499320 
converged
# weights:  62
iter  20 value 1368.198290
initial  value 2766.289186 
iter  30 value 1366.968294
iter  10 value 1125.942998
iter  40 value 1366.675233
iter  20 value 1115.501349
iter  50 value 1366.552497
iter  30 value 1114.249708
final  value 1366.550144 
converged
# weights:  62
initial  value 3126.550275 
iter  40 value 1114.027072
iter  50 value 1114.008005
iter  10 value 1379.959862
final  value 1114.007836 
converged
# weights:  62
initial  value 2970.651773 
iter  20 value 1355.670283
iter  10 value 1131.820902
iter  30 value 1354.178437
iter  20 value 1103.454300
iter  40 value 1353.755558
iter  30 value 1101.080346
iter  50 value 1353.723545
final  value 1353.723486 
converged
# weights:  62
initial  value 3395.776303 
iter  40 value 1100.580593
iter  10 value 1375.851273
iter  50 value 1100.549437
final  value 1100.548918 
converged
iter  20 value 1343.378673
# weights:  62
initial  value 3269.258162 
iter  30 value 1341.617144
iter  10 value 1108.070917
iter  40 value 1341.388681
iter  20 value 1094.114715
iter  50 value 1341.358174
iter  30 value 1089.723885
iter  60 value 1341.353498
iter  60 value 1341.353494
iter  60 value 1341.353494
final  value 1341.353494 
converged
# weights:  62
initial  value 3009.627909 
iter  40 value 1088.167455
iter  50 value 1088.027092
iter  10 value 1340.789655
final  value 1088.026904 
converged
# weights:  62
initial  value 2846.776423 
iter  20 value 1329.893025
iter  10 value 1096.028956
iter  30 value 1329.334190
iter  20 value 1079.739752
iter  40 value 1329.240033
iter  30 value 1076.684284
iter  50 value 1329.216460
final  value 1329.216068 
converged
iter  40 value 1076.301505
# weights:  62
initial  value 2635.039855 
iter  50 value 1076.253725
iter  10 value 1343.208939
final  value 1076.253223 
converged
iter  20 value 1320.258844
# weights:  62
initial  value 3420.486437 
iter  30 value 1317.613369
iter  10 value 1088.657312
iter  40 value 1317.430345
iter  20 value 1067.844221
iter  50 value 1317.412541
iter  30 value 1065.834441
iter  60 value 1317.407474
iter  60 value 1317.407464
iter  60 value 1317.407464
final  value 1317.407464 
converged
iter  40 value 1065.167800
# weights:  62
initial  value 3037.363198 
iter  50 value 1065.121397
iter  10 value 1313.565886
final  value 1065.120269 
converged
# weights:  62
initial  value 3727.727711 
iter  20 value 1306.560614
iter  30 value 1305.938630
iter  10 value 1060.503844
iter  40 value 1305.859661
iter  20 value 1055.086513
iter  50 value 1305.844199
iter  30 value 1054.640200
final  value 1305.843577 
converged
# weights:  62
initial  value 2876.716756 
iter  40 value 1054.548889
iter  50 value 1054.544860
iter  50 value 1054.544849
iter  10 value 1313.851696
iter  50 value 1054.544849
final  value 1054.544849 
converged
# weights:  62
initial  value 3054.876737 
iter  20 value 1296.308645
iter  30 value 1295.046978
iter  10 value 1050.312535
iter  40 value 1294.602044
iter  20 value 1046.001748
iter  50 value 1294.549258
iter  30 value 1044.485027
final  value 1294.548862 
converged
# weights:  62
initial  value 2821.970649 
iter  40 value 1044.353811
final  value 1044.352266 
converged
# weights:  62
iter  10 value 1294.130753
initial  value 3072.056034 
iter  20 value 1285.089433
iter  10 value 1046.448549
iter  30 value 1283.822547
iter  20 value 1036.685131
iter  40 value 1283.482246
iter  30 value 1035.109586
iter  50 value 1283.467943
iter  40 value 1034.493852
final  value 1283.467374 
converged
# weights:  62
initial  value 2961.709029 
iter  50 value 1034.447324
final  value 1034.446697 
converged
# weights:  62
initial  value 2833.666507 
iter  10 value 1298.223011
iter  20 value 1277.859002
iter  10 value 1039.789433
iter  30 value 1273.365493
iter  20 value 1027.930638
iter  40 value 1272.809453
iter  30 value 1025.651415
iter  50 value 1272.690580
iter  40 value 1024.878031
final  value 1272.636047 
converged
# weights:  62
initial  value 2762.103897 
iter  50 value 1024.770962
final  value 1024.769651 
converged
iter  10 value 1280.151796
# weights:  62
initial  value 3290.399603 
iter  20 value 1264.383593
iter  10 value 1019.848526
iter  30 value 1262.588862
iter  20 value 1016.193116
iter  40 value 1262.026934
iter  30 value 1015.283475
iter  50 value 1261.963935
iter  40 value 1015.218410
final  value 1261.961627 
converged
# weights:  62
initial  value 3271.540363 
final  value 1015.216810 
converged
# weights:  62
iter  10 value 1266.788354
initial  value 2815.670827 
iter  20 value 1253.758433
iter  10 value 1027.142905
iter  30 value 1251.854419
iter  20 value 1006.870616
iter  40 value 1251.458503
iter  30 value 1006.016838
iter  50 value 1251.445807
final  value 1251.445499 
converged
iter  40 value 1005.796147
# weights:  62
initial  value 2937.624140 
iter  50 value 1005.744533
iter  10 value 1260.195017
final  value 1005.743759 
converged
# weights:  62
initial  value 3496.556231 
iter  20 value 1242.595833
iter  10 value 1008.146550
iter  30 value 1241.265035
iter  20 value 998.754283
iter  40 value 1241.093817
iter  30 value 997.342125
iter  50 value 1241.083017
final  value 1241.082974 
converged
iter  40 value 996.426681
# weights:  62
initial  value 3304.318311 
iter  50 value 996.366876
iter  10 value 1243.277497
final  value 996.365029 
converged
iter  20 value 1232.396538
# weights:  62
initial  value 3243.908683 
iter  30 value 1231.262004
iter  10 value 995.803951
iter  40 value 1230.910890
iter  20 value 988.395914
iter  50 value 1230.879673
final  value 1230.879378 
converged
iter  30 value 987.411399
# weights:  62
initial  value 3243.499083 
iter  40 value 987.063493
iter  10 value 1241.509248
iter  50 value 987.052522
iter  50 value 987.052515
iter  20 value 1223.318661
iter  50 value 987.052515
final  value 987.052515 
converged
# weights:  62
initial  value 3027.218298 
iter  30 value 1221.283404
iter  10 value 981.521610
iter  40 value 1220.904125
iter  20 value 979.202519
iter  50 value 1220.867064
iter  30 value 977.847941
final  value 1220.865985 
converged
# weights:  62
initial  value 3046.058267 
iter  40 value 977.739767
iter  10 value 1230.783058
iter  50 value 977.730487
final  value 977.730464 
converged
iter  20 value 1212.386356
# weights:  62
initial  value 2707.781295 
iter  30 value 1211.090124
iter  10 value 977.660544
iter  40 value 1210.968914
iter  20 value 969.414992
iter  50 value 1210.960608
iter  30 value 968.628913
final  value 1210.960206 
converged
# weights:  62
initial  value 3250.368944 
iter  40 value 968.603257
iter  10 value 1208.994065
iter  50 value 968.593346
iter  50 value 968.593345
iter  50 value 968.593345
final  value 968.593345 
converged
# weights:  62
initial  value 2920.152254 
iter  20 value 1202.634274
iter  30 value 1201.400457
iter  10 value 973.501803
iter  40 value 1201.220888
iter  20 value 961.551037
iter  50 value 1201.212657
iter  30 value 960.193238
final  value 1201.212447 
converged
# weights:  62
initial  value 2830.364751 
iter  40 value 959.600409
iter  10 value 1197.295038
iter  50 value 959.557317
iter  20 value 1193.021716
final  value 959.556596 
converged
# weights:  62
initial  value 3032.765646 
iter  30 value 1191.741097
iter  10 value 956.228490
iter  40 value 1191.543119
iter  20 value 951.461424
final  value 1191.536558 
converged
# weights:  62
initial  value 3106.632592 
iter  30 value 950.697017
iter  10 value 1206.098295
iter  40 value 950.650408
iter  20 value 1183.968365
iter  50 value 950.624827
final  value 950.624790 
converged
# weights:  62
initial  value 2980.574588 
iter  30 value 1182.386847
iter  40 value 1182.041032
iter  10 value 955.172091
iter  50 value 1182.004334
iter  20 value 943.673902
final  value 1182.004081 
converged
# weights:  62
initial  value 3060.662113 
iter  30 value 942.283276
iter  40 value 941.906812
iter  10 value 1186.928344
iter  50 value 941.843368
iter  20 value 1174.208910
final  value 941.842931 
converged
iter  30 value 1172.792195
# weights:  62
initial  value 3388.504494 
iter  40 value 1172.671667
iter  10 value 935.646497
iter  50 value 1172.662898
iter  20 value 933.543328
final  value 1172.662669 
converged
# weights:  62
initial  value 3183.428202 
iter  30 value 933.274267
iter  10 value 1171.888444
iter  40 value 933.228817
iter  20 value 1165.072958
final  value 933.227086 
converged
# weights:  62
initial  value 3718.067217 
iter  30 value 1163.661176
iter  10 value 937.784745
iter  40 value 1163.512136
iter  20 value 927.956379
iter  50 value 1163.502945
final  value 1163.502819 
converged
# weights:  62
iter  30 value 925.503143
initial  value 2794.757055 
iter  40 value 924.914867
iter  10 value 1163.712309
iter  50 value 924.857371
iter  20 value 1156.204899
final  value 924.856530 
converged
# weights: iter  30 value 1154.693850
 62
initial  value 3453.947143 
iter  40 value 1154.460985
iter  10 value 928.410139
iter  50 value 1154.450736
iter  20 value 917.461538
final  value 1154.450598 
converged
# weights:  62
initial  value 2988.620296 
iter  30 value 916.767491
iter  10 value 1169.294824
iter  40 value 916.745563
iter  20 value 1148.217487
final  value 916.745446 
converged
# weights:  62
initial  value 3080.793493 
iter  30 value 1145.975189
iter  10 value 927.168828
iter  40 value 1145.601520
iter  20 value 914.087549
iter  50 value 1145.590645
iter  30 value 911.897641
final  value 1145.589835 
converged
# weights:  62
initial  value 3458.115914 
iter  40 value 910.780898
iter  10 value 1143.793772
iter  50 value 909.067621
iter  60 value 908.957069
iter  20 value 1138.903562
final  value 908.956538 
converged
iter  30 value 1137.436334
# weights:  62
initial  value 3365.110055 
iter  40 value 1136.923808
iter  10 value 910.803348
iter  50 value 1136.902200
final  value 1136.902154 
converged
iter  20 value 903.589349
# weights:  62
initial  value 3180.319902 
iter  30 value 902.432959
iter  10 value 1143.667056
iter  40 value 901.663103
iter  20 value 1130.491294
iter  50 value 901.535284
iter  30 value 1128.956275
final  value 901.533806 
converged
# weights:  62
initial  value 3109.289610 
iter  40 value 1128.457982
iter  10 value 902.776657
iter  50 value 1128.422887
final  value 1128.422462 
converged
iter  20 value 897.180434
# weights:  62
initial  value 2946.062328 
iter  30 value 894.870875
iter  10 value 1138.865523
iter  40 value 894.544894
iter  20 value 1122.046411
iter  50 value 894.518476
iter  30 value 1120.322445
final  value 894.518456 
converged
# weights:  62
initial  value 3232.221828 
iter  40 value 1120.148010
iter  10 value 901.524046
iter  50 value 1120.145007
final  value 1120.144863 
converged
iter  20 value 896.898996
# weights:  62
initial  value 2799.991909 
iter  30 value 896.767439
iter  10 value 1119.211604
iter  40 value 895.699316
iter  20 value 1114.685859
iter  50 value 888.072384
iter  30 value 1112.297255
iter  60 value 887.963504
final  value 887.963431 
converged
iter  40 value 1112.076139
# weights:  62
initial  value 2596.693313 
iter  50 value 1112.073929
iter  10 value 954.925526
final  value 1112.073909 
converged
iter  20 value 904.149965
iter  30 value 883.376914
iter  40 value 882.020607
iter  50 value 881.877009
final  value 881.866147 
converged
# weights:  62
initial  value 3059.493928 
iter  10 value 2934.067549
iter  20 value 2926.480355
# weights:  62
initial  value 3174.738154 
iter  30 value 2925.682603
iter  10 value 2880.123054
iter  40 value 2925.666356
final  value 2925.666000 
converged
# weights:  62
initial  value 3109.973332 
iter  20 value 2867.294141
iter  10 value 2800.000336
iter  30 value 2864.909856
iter  20 value 2782.416584
iter  40 value 2864.587463
final  value 2864.586563 
converged
# weights:  62
iter  30 value 2779.459197
initial  value 3118.087975 
iter  40 value 2779.210998
iter  10 value 2635.917197
iter  50 value 2779.204676
iter  50 value 2779.204654
iter  50 value 2779.204648
final  value 2779.204648 
converged
iter  20 value 2603.201737
# weights:  62
initial  value 3073.459917 
iter  30 value 2597.275786
iter  40 value 2596.887785
iter  10 value 2632.084815
iter  50 value 2596.884310
final  value 2596.884261 
converged
iter  20 value 2618.048066
# weights:  62
initial  value 3267.031823 
iter  30 value 2617.630868
iter  40 value 2617.592527
iter  10 value 2414.088609
final  value 2617.591116 
converged
iter  20 value 2365.163328
# weights:  62
initial  value 3218.067480 
iter  30 value 2358.168968
iter  10 value 2489.911400
iter  40 value 2357.734044
iter  20 value 2469.076768
iter  50 value 2357.690247
final  value 2357.689659 
converged
iter  30 value 2466.313532
# weights:  62
initial  value 3211.526057 
iter  40 value 2465.937885
iter  10 value 2245.635973
iter  50 value 2465.907985
iter  20 value 2192.286797
iter  60 value 2465.906497
iter  30 value 2187.631334
final  value 2465.906188 
converged
iter  40 value 2187.387279
# weights:  62
initial  value 3230.689882 
iter  50 value 2187.238264
iter  10 value 2353.356073
iter  60 value 2187.194357
final  value 2187.194233 
converged
# weights:  62
initial  value 3048.214531 
iter  20 value 2333.587803
iter  30 value 2331.013265
iter  10 value 2096.543062
iter  40 value 2330.787184
iter  20 value 2073.858477
final  value 2330.779565 
converged
iter  30 value 2069.074403
# weights:  62
initial  value 2801.766661 
iter  40 value 2068.584218
iter  10 value 2220.617633
iter  50 value 2068.433526
iter  20 value 2212.824859
final  value 2068.431575 
converged
# weights:  62
initial  value 3224.076865 
iter  30 value 2212.323109
iter  40 value 2212.285302
iter  10 value 2040.358963
final  value 2212.284694 
converged
# weights:  62
initial  value 3063.958910 
iter  20 value 1987.034004
iter  30 value 1982.045302
iter  10 value 2150.735274
iter  40 value 1981.455631
iter  20 value 2110.155805
iter  50 value 1981.424955
iter  30 value 2108.874571
final  value 1981.424672 
converged
# weights:  62
initial  value 3264.983980 
iter  40 value 2108.739441
iter  10 value 1962.426925
final  value 2108.737012 
converged
# weights:  62
initial  value 2882.521865 
iter  20 value 1918.154848
iter  10 value 2032.197781
iter  30 value 1914.296996
iter  40 value 1913.811439
iter  20 value 2018.389379
iter  50 value 1913.626089
iter  30 value 2017.768890
final  value 1913.617575 
converged
iter  40 value 2017.734652
# weights:  62
initial  value 3079.590758 
iter  10 value 1895.079719
iter  50 value 2017.732584
iter  50 value 2017.732580
iter  50 value 2017.732567
final  value 2017.732567 
converged
# weights:  62
iter  20 value 1860.395044
initial  value 2945.112299 
iter  30 value 1858.084643
iter  10 value 1952.392875
iter  40 value 1857.911092
iter  20 value 1938.322787
iter  50 value 1857.892631
iter  30 value 1937.462098
final  value 1857.892497 
converged
# weights:  62
initial  value 3134.148158 
iter  40 value 1937.372634
iter  10 value 1900.519611
final  value 1937.368503 
converged
# weights:  62
initial  value 3446.442018 
iter  20 value 1816.180365
iter  30 value 1810.455677
iter  10 value 1875.244525
iter  40 value 1810.255564
iter  20 value 1866.712791
iter  50 value 1810.242696
iter  30 value 1866.207158
final  value 1810.241832 
converged
iter  40 value 1866.176507
# weights:  62
initial  value 3332.391058 
final  value 1866.175975 
converged
# weights:  62
initial  value 3149.242522 
iter  10 value 1827.377158
iter  10 value 1808.028039
iter  20 value 1774.145090
iter  20 value 1804.356348
iter  30 value 1768.790790
iter  40 value 1768.400869
iter  30 value 1803.477463
iter  50 value 1768.324172
iter  40 value 1803.364124
iter  60 value 1768.317648
final  value 1768.317567 
converged
iter  50 value 1803.357864
# weights:  62
initial  value 3148.020747 
final  value 1803.357665 
converged
# weights:  62
initial  value 3384.332063 
iter  10 value 1757.826143
iter  10 value 1755.406056
iter  20 value 1733.020275
iter  20 value 1749.202147
iter  30 value 1730.912701
iter  30 value 1748.032848
iter  40 value 1730.667716
iter  40 value 1747.933151
iter  50 value 1730.655827
final  value 1730.655721 
converged
# weights:  62
initial  value 3117.020961 
iter  50 value 1747.927108
final  value 1747.926881 
converged
iter  10 value 1717.046377
# weights:  62
initial  value 2865.701552 
iter  20 value 1700.985126
iter  10 value 1711.874348
iter  30 value 1697.101920
iter  20 value 1701.514686
iter  40 value 1696.390108
iter  30 value 1699.696797
iter  50 value 1696.291558
final  value 1696.290680 
converged
iter  40 value 1699.358823
# weights:  62
initial  value 3217.223262 
iter  50 value 1699.320243
iter  10 value 1729.257150
final  value 1699.318649 
converged
# weights:  62
initial  value 2943.369376 
iter  20 value 1673.118711
iter  10 value 1668.756980
iter  30 value 1665.880645
iter  40 value 1664.906595
iter  20 value 1658.625200
iter  50 value 1664.679703
iter  30 value 1657.217549
iter  60 value 1664.668651
final  value 1664.668197 
converged
iter  40 value 1656.783581
# weights:  62
initial  value 2666.464706 
iter  50 value 1656.753467
iter  10 value 1653.770858
final  value 1656.747844 
converged
# weights:  62
initial  value 3104.084472 
iter  20 value 1635.966773
iter  30 value 1635.327983
iter  10 value 1645.125182
iter  40 value 1635.306408
iter  20 value 1621.902130
final  value 1635.305745 
converged
iter  30 value 1620.027088
# weights:  62
initial  value 2815.616905 
iter  40 value 1619.550841
iter  10 value 1677.736833
iter  50 value 1619.474535
iter  20 value 1643.610226
final  value 1619.473029 
converged
# weights:  62
initial  value 3138.602372 
iter  30 value 1632.978364
iter  40 value 1628.243180
iter  10 value 1603.437874
iter  50 value 1626.703846
iter  20 value 1588.497854
iter  60 value 1622.930016
iter  70 value 1621.110436
iter  30 value 1587.103235
iter  80 value 1610.248481
iter  40 value 1586.881736
iter  90 value 1607.858707
iter  50 value 1586.824105
iter 100 value 1607.820789
final  value 1607.820789 
stopped after 100 iterations
# weights:  62
initial  value 3286.034558 
final  value 1586.815225 
converged
# weights:  62
initial  value 3409.432514 
iter  10 value 1642.136621
iter  10 value 1568.756470
iter  20 value 1586.101933
iter  30 value 1583.077345
iter  20 value 1559.872576
iter  40 value 1582.234744
iter  30 value 1558.318079
iter  50 value 1582.125652
iter  40 value 1558.045939
iter  60 value 1582.122172
final  value 1582.122138 
converged
iter  50 value 1558.036176
# weights:  62
final  value 1558.036132 
converged
initial  value 2954.735131 
# weights:  62
initial  value 2649.383000 
iter  10 value 1595.934000
iter  10 value 1547.070503
iter  20 value 1561.754293
iter  20 value 1535.916288
iter  30 value 1558.617482
iter  30 value 1533.424081
iter  40 value 1557.993451
iter  40 value 1532.563627
iter  50 value 1557.895550
iter  60 value 1557.886947
iter  50 value 1532.548015
final  value 1557.886927 
converged
final  value 1532.547994 
converged
# weights:  62
initial  value 2697.349845 
# weights:  62
initial  value 3547.440284 
iter  10 value 1550.061881
iter  10 value 1614.466929
iter  20 value 1527.993972
iter  20 value 1558.170533
iter  30 value 1525.959527
iter  30 value 1554.962965
iter  40 value 1525.829893
iter  40 value 1552.742923
iter  50 value 1525.817781
iter  50 value 1550.143191
final  value 1525.817638 
converged
# weights:  62
initial  value 3542.318767 
iter  60 value 1542.618528
iter  70 value 1535.406571
iter  10 value 1551.704333
iter  80 value 1535.055408
iter  20 value 1514.592426
final  value 1535.054273 
converged
# weights:  62
initial  value 3057.941474 
iter  30 value 1511.211580
iter  10 value 1534.265550
iter  40 value 1510.772429
iter  20 value 1514.700670
iter  50 value 1510.701819
iter  30 value 1513.808117
iter  60 value 1510.693390
final  value 1510.693338 
converged
iter  40 value 1513.512272
# weights:  62
initial  value 3444.942621 
iter  50 value 1513.467856
iter  10 value 1491.616125
final  value 1513.465455 
converged
# weights:  62
initial  value 2635.584745 
iter  20 value 1486.819570
iter  10 value 1531.444505
iter  30 value 1486.363161
iter  20 value 1520.263923
iter  40 value 1486.300031
final  value 1486.298088 
converged
iter  30 value 1516.563098
# weights:  62
initial  value 3101.123393 
iter  40 value 1514.143697
iter  10 value 1482.283361
iter  50 value 1513.115396
iter  20 value 1466.132079
iter  60 value 1509.120389
iter  70 value 1502.286567
iter  30 value 1464.917670
iter  80 value 1493.301559
iter  40 value 1464.807526
iter  90 value 1493.100130
iter  50 value 1464.799296
final  value 1493.099819 
converged
# weights:  62
initial  value 2932.263616 
final  value 1464.799023 
converged
# weights:  62
initial  value 2959.159359 
iter  10 value 1517.206123
iter  10 value 1461.014585
iter  20 value 1496.595759
iter  20 value 1447.238429
iter  30 value 1494.682689
iter  30 value 1445.894535
iter  40 value 1493.317318
iter  40 value 1445.624647
iter  50 value 1490.170985
iter  60 value 1487.658128
iter  50 value 1445.573004
final  value 1445.570965 
converged
iter  70 value 1475.566867
# weights:  62
initial  value 3083.877254 
iter  80 value 1473.869795
iter  10 value 1459.346462
final  value 1473.858149 
converged
# weights:  62
initial  value 3243.245697 
iter  20 value 1444.333680
iter  10 value 1487.297365
iter  30 value 1443.123654
iter  20 value 1457.591619
iter  40 value 1442.975857
iter  30 value 1456.051858
iter  50 value 1442.958530
final  value 1442.958352 
converged
# weights:  62
initial  value 2914.166110 
iter  40 value 1455.693633
iter  10 value 1459.746756
iter  50 value 1455.677278
final  value 1455.677231 
converged
iter  20 value 1434.922181
# weights:  62
initial  value 3235.691921 
iter  30 value 1432.696151
iter  10 value 1480.284155
iter  40 value 1432.371471
iter  20 value 1464.258929
iter  50 value 1432.314990
iter  30 value 1461.278183
final  value 1432.312158 
converged
# weights:  62
initial  value 2984.392087 
iter  40 value 1459.276723
iter  10 value 1452.619421
iter  50 value 1457.703439
iter  20 value 1416.458171
iter  60 value 1453.666505
iter  70 value 1450.713991
iter  30 value 1412.949248
iter  80 value 1438.560016
iter  40 value 1412.219434
iter  90 value 1438.414403
final  value 1438.414043 
converged
iter  50 value 1412.041401
# weights:  62
initial  value 3385.650874 
final  value 1412.030033 
converged
# weights:  62
initial  value 3179.225992 
iter  10 value 1451.063998
iter  20 value 1423.657922
iter  10 value 1419.945290
iter  30 value 1422.539767
iter  20 value 1395.409143
iter  40 value 1422.296866
iter  30 value 1394.048653
iter  50 value 1422.249646
iter  40 value 1393.722816
final  value 1422.246987 
converged
# weights:  62
initial  value 3216.677693 
iter  50 value 1393.698676
final  value 1393.697439 
converged
iter  10 value 1445.165270
# weights:  62
initial  value 3134.752177 
iter  20 value 1428.560886
iter  10 value 1396.179592
iter  30 value 1427.431210
iter  20 value 1379.050806
iter  40 value 1424.416887
iter  30 value 1377.266934
iter  50 value 1421.603507
iter  40 value 1377.075070
iter  60 value 1413.594748
iter  50 value 1377.056414
iter  70 value 1407.213876
final  value 1377.056382 
converged
# weights:  62
initial  value 2878.762587 
iter  80 value 1406.945914
final  value 1406.938981 
converged
iter  10 value 1375.130542
# weights:  62
initial  value 2862.709757 
iter  20 value 1362.879808
iter  10 value 1421.818773
iter  30 value 1361.928545
iter  20 value 1395.173855
iter  40 value 1361.777436
iter  30 value 1392.574487
iter  50 value 1361.767774
iter  40 value 1392.396992
final  value 1361.767714 
converged
# weights:  62
initial  value 3046.171505 
iter  50 value 1392.388735
iter  10 value 1390.380650
final  value 1392.388514 
converged
# weights:  62
initial  value 3082.949377 
iter  20 value 1350.210579
iter  10 value 1399.227772
iter  30 value 1347.977988
iter  20 value 1381.697838
iter  40 value 1347.533334
iter  30 value 1379.099005
iter  50 value 1347.509094
iter  40 value 1378.625510
final  value 1347.507964 
converged
# weights:  62
initial  value 3036.250212 
iter  50 value 1378.551820
final  value 1378.550228 
converged
iter  10 value 1351.872557
# weights:  62
initial  value 2841.328615 
iter  20 value 1336.729951
iter  10 value 1401.721249
iter  30 value 1334.656589
iter  20 value 1386.577940
iter  30 value 1385.421126
iter  40 value 1334.165555
iter  40 value 1382.210506
iter  50 value 1334.101191
iter  50 value 1380.080373
final  value 1334.100162 
converged
# weights:  62
initial  value 2615.959920 
iter  60 value 1372.348660
iter  70 value 1365.609185
iter  10 value 1367.121840
iter  80 value 1365.371136
iter  20 value 1327.260970
final  value 1365.364370 
converged
# weights:  62
initial  value 3054.786700 
iter  30 value 1323.188081
iter  40 value 1321.743011
iter  10 value 1360.359097
iter  50 value 1321.424167
iter  20 value 1354.555888
iter  60 value 1321.366975
iter  60 value 1321.366962
iter  60 value 1321.366960
final  value 1321.366960 
converged
iter  30 value 1353.101291
# weights:  62
initial  value 2650.511507 
iter  40 value 1352.765699
iter  10 value 1355.616690
iter  20 value 1311.431232
final  value 1352.740502 
converged
# weights:  62
initial  value 3629.221318 
iter  30 value 1309.447688
iter  10 value 1362.919163
iter  40 value 1309.154912
iter  20 value 1342.681147
iter  50 value 1309.140536
iter  30 value 1340.698691
final  value 1309.135441 
converged
# weights:  62
initial  value 2903.586833 
iter  40 value 1340.447595
iter  10 value 1312.471204
iter  50 value 1340.436403
final  value 1340.435206 
converged
iter  20 value 1298.931811
# weights:  62
initial  value 3000.671541 
iter  30 value 1297.502958
iter  10 value 1342.869815
iter  40 value 1297.395483
iter  20 value 1330.792247
iter  50 value 1297.391169
iter  30 value 1329.143968
final  value 1297.391096 
converged
# weights:  62
initial  value 2993.372153 
iter  40 value 1328.771484
iter  10 value 1335.811413
iter  50 value 1328.754782
final  value 1328.754499 
converged
iter  20 value 1289.929825
# weights:  62
initial  value 3460.474268 
iter  30 value 1286.813752
iter  10 value 1353.956310
iter  40 value 1286.180876
iter  20 value 1320.683111
iter  50 value 1286.009196
iter  30 value 1318.086142
iter  60 value 1285.991978
final  value 1285.991948 
converged
iter  40 value 1317.736885
# weights:  62
initial  value 3289.848774 
iter  50 value 1317.476133
iter  10 value 1357.672118
iter  60 value 1317.429394
iter  20 value 1293.275464
final  value 1317.427693 
converged
# weights:  62
initial  value 3190.363716 
iter  30 value 1289.832625
iter  10 value 1334.389157
iter  40 value 1289.289442
iter  20 value 1308.804776
iter  50 value 1289.119257
iter  30 value 1307.091767
final  value 1289.114430 
converged
# weights:  62
initial  value 3035.819067 
iter  40 value 1306.481644
iter  10 value 1357.076123
iter  50 value 1306.386602
iter  60 value 1306.379448
iter  20 value 1289.522445
final  value 1306.379260 
converged
# weights:  62
initial  value 2986.022296 
iter  30 value 1285.476145
iter  10 value 1319.090110
iter  40 value 1283.958362
iter  20 value 1298.923381
iter  50 value 1283.662127
final  value 1283.649473 
converged
iter  30 value 1296.037826
# weights:  62
initial  value 2976.660311 
iter  40 value 1295.582848
iter  10 value 1306.365095
iter  50 value 1295.543203
iter  20 value 1278.909325
iter  60 value 1295.542727
iter  30 value 1277.430872
final  value 1295.542592 
converged
# weights:  62
initial  value 3433.251942 
iter  40 value 1277.279453
iter  50 value 1277.247960
iter  10 value 1314.536311
final  value 1277.246651 
converged
# weights:  62
initial  value 3634.741793 
iter  20 value 1289.279723
iter  10 value 1286.798480
iter  30 value 1285.887335
iter  40 value 1285.141224
iter  20 value 1269.115920
iter  50 value 1284.943853
iter  30 value 1267.180074
iter  60 value 1284.933669
final  value 1284.933447 
converged
iter  40 value 1267.081101
# weights:  62
initial  value 2592.040488 
iter  50 value 1267.066654
iter  10 value 1303.761890
final  value 1267.066601 
converged
# weights:  62
initial  value 3264.521184 
iter  20 value 1276.754276
iter  10 value 1316.617054
iter  30 value 1274.834252
iter  40 value 1274.535026
iter  20 value 1293.580694
iter  50 value 1274.501695
iter  30 value 1278.462652
final  value 1274.500952 
converged
# weights:  62
initial  value 2906.615443 
iter  40 value 1271.149326
iter  10 value 1290.621260
iter  50 value 1251.208674
iter  20 value 1271.580365
iter  60 value 1249.905729
iter  70 value 1249.813064
iter  30 value 1265.362644
final  value 1249.812811 
converged
# weights:  62
initial  value 2941.186658 
iter  40 value 1264.648609
iter  10 value 1274.039595
iter  50 value 1264.303578
iter  60 value 1264.295270
iter  20 value 1245.233774
iter  60 value 1264.295259
iter  60 value 1264.295258
final  value 1264.295258 
converged
# weights:  62
initial  value 2903.820402 
iter  30 value 1243.618290
iter  10 value 1272.934236
iter  40 value 1243.504631
iter  20 value 1257.450906
iter  50 value 1243.481515
final  value 1243.481054 
converged
iter  30 value 1254.666480
# weights:  62
initial  value 3334.352019 
iter  40 value 1254.240590
iter  10 value 1296.067686
iter  50 value 1254.221857
final  value 1254.221628 
converged
iter  20 value 1273.348173
# weights:  62
initial  value 2966.752822 
iter  30 value 1249.531493
iter  10 value 1259.642702
iter  20 value 1246.189235
iter  40 value 1239.969224
iter  50 value 1233.325395
iter  30 value 1244.574833
iter  60 value 1233.179492
iter  40 value 1244.306230
final  value 1233.178257 
converged
# weights:  62
initial  value 3479.104925 
iter  50 value 1244.288874
final  value 1244.288841 
converged
# weights:  62
initial  value 2705.210365 
iter  10 value 1262.622126
iter  20 value 1228.041417
iter  10 value 1265.352361
iter  30 value 1223.706329
iter  20 value 1236.456427
iter  40 value 1223.039337
iter  30 value 1234.707605
iter  40 value 1234.514701
iter  50 value 1222.985926
iter  50 value 1234.494450
final  value 1222.984966 
converged
# weights:  62
initial  value 3567.472282 
final  value 1234.494240 
converged
# weights:  62
initial  value 3270.586370 
iter  10 value 1255.405649
iter  10 value 1247.764377
iter  20 value 1216.347487
iter  20 value 1228.438629
iter  30 value 1213.028186
iter  30 value 1227.102226
iter  40 value 1212.361381
iter  40 value 1225.725526
iter  50 value 1212.263680
iter  50 value 1224.937688
final  value 1212.256183 
converged
iter  60 value 1224.824324
# weights:  62
initial  value 3419.076700 
final  value 1224.824049 
converged
# weights:  62
initial  value 2903.463133 
iter  10 value 1228.626409
iter  10 value 1243.845528
iter  20 value 1201.622300
iter  20 value 1217.922259
iter  30 value 1196.524151
iter  30 value 1215.702783
iter  40 value 1196.220567
iter  40 value 1215.316984
iter  50 value 1196.200662
iter  50 value 1215.288417
final  value 1196.200172 
converged
final  value 1215.288097 
converged
# weights:  62
initial  value 2999.694975 
# weights:  62
initial  value 3222.047988 
iter  10 value 1220.919383
iter  10 value 1222.158604
iter  20 value 1187.551922
iter  20 value 1211.391929
iter  30 value 1179.132558
iter  30 value 1206.377198
iter  40 value 1177.991986
iter  40 value 1205.887292
iter  50 value 1177.862370
iter  50 value 1205.878976
final  value 1177.858922 
converged
final  value 1205.878866 
converged
# weights:  62
initial  value 2448.741345 
# weights:  62
initial  value 3383.221755 
iter  10 value 1243.917327
iter  10 value 1219.044156
iter  20 value 1169.868723
iter  20 value 1199.267662
iter  30 value 1159.908317
iter  30 value 1196.788909
iter  40 value 1196.618389
iter  40 value 1158.873413
iter  50 value 1158.783513
iter  50 value 1196.600738
final  value 1196.600642 
converged
final  value 1158.779101 
converged
# weights:  62
initial  value 3312.271775 
# weights:  62
initial  value 2893.902107 
iter  10 value 1198.847829
iter  10 value 1203.871474
iter  20 value 1188.848649
iter  20 value 1153.082270
iter  30 value 1187.415004
iter  30 value 1141.220964
iter  40 value 1187.316513
iter  40 value 1140.054334
final  value 1187.311189 
converged
# weights:  62
initial  value 3385.459396 
iter  50 value 1139.797807
final  value 1139.779358 
converged
iter  10 value 1197.460652
# weights:  62
initial  value 2875.979592 
iter  20 value 1180.986708
iter  10 value 1183.716184
iter  30 value 1178.887201
iter  20 value 1134.918450
iter  40 value 1178.641706
iter  30 value 1122.308640
iter  50 value 1178.623358
final  value 1178.622920 
converged
# weights:  62
initial  value 3042.231670 
iter  40 value 1121.381531
iter  50 value 1121.314249
iter  10 value 1190.830036
final  value 1121.311328 
converged
iter  20 value 1172.768458
# weights:  62
initial  value 3043.029178 
iter  30 value 1169.836832
iter  10 value 1148.598963
iter  40 value 1169.417176
iter  20 value 1111.796058
iter  50 value 1169.383773
iter  30 value 1105.732409
final  value 1169.383470 
converged
# weights:  62
initial  value 2635.532133 
iter  40 value 1103.884008
iter  50 value 1103.572694
iter  10 value 1218.785907
final  value 1103.571204 
converged
iter  20 value 1167.323301
iter  30 value 1160.975996
iter  40 value 1160.296911
final  value 1160.252774 
converged
# weights:  62
initial  value 3661.082574 
iter  10 value 1178.191069
iter  20 value 1154.196127
iter  30 value 1151.300774
iter  40 value 1151.093766
iter  50 value 1151.070449
final  value 1151.070036 
converged
# weights:  62
initial  value 3414.475038 
iter  10 value 1166.224845
# weights:  60
initial  value 3056.705319 
iter  20 value 1155.868652
iter  10 value 2888.281294
iter  30 value 1144.517264
iter  20 value 2873.424423
iter  40 value 1142.111060
iter  30 value 2871.162026
iter  50 value 1142.059299
final  value 1142.058920 
converged
iter  40 value 2871.079021
final  value 2871.071899 
converged
# weights:  60
initial  value 3013.185110 
iter  10 value 2742.627246
iter  20 value 2725.947351
iter  30 value 2724.354084
iter  40 value 2724.301730
final  value 2724.301091 
converged
# weights:  60
initial  value 2999.274779 
iter  10 value 2588.313499
iter  20 value 2566.660058
iter  30 value 2564.915712
iter  40 value 2564.835603
iter  40 value 2564.835597
iter  40 value 2564.835597
final  value 2564.835597 
converged
# weights:  60
initial  value 3132.023420 
# weights:  62
initial  value 2945.222141 
iter  10 value 2456.055579
iter  10 value 2856.764216
iter  20 value 2426.173937
iter  20 value 2845.953015
iter  30 value 2419.026899
iter  40 value 2417.639107
iter  30 value 2844.356694
iter  50 value 2417.456922
iter  40 value 2844.328845
final  value 2844.328774 
converged
# weights:  62
initial  value 3125.898664 
final  value 2417.454067 
converged
# weights:  60
initial  value 3220.858611 
iter  10 value 2575.720644
iter  10 value 2319.389772
iter  20 value 2544.065114
iter  20 value 2291.161321
iter  30 value 2540.942697
iter  30 value 2288.542324
iter  40 value 2540.759884
iter  40 value 2288.163272
iter  50 value 2540.755778
iter  50 value 2288.138772
final  value 2540.755463 
converged
final  value 2288.138373 
converged
# weights:  62
initial  value 2935.921956 
# weights:  60
initial  value 2916.493708 
iter  10 value 2323.767222
iter  10 value 2236.205719
iter  20 value 2194.035296
iter  20 value 2288.166302
iter  30 value 2178.191896
iter  30 value 2283.767413
iter  40 value 2176.828354
iter  40 value 2283.682194
iter  50 value 2176.685944
iter  50 value 2283.670119
final  value 2283.669946 
converged
iter  60 value 2176.682117
iter  60 value 2176.682102
# weights:  62
initial  value 2935.341733 
final  value 2176.680471 
converged
# weights:  60
initial  value 3034.588556 
iter  10 value 2132.541473
iter  10 value 2128.163780
iter  20 value 2114.967039
iter  20 value 2102.342735
iter  30 value 2112.136589
iter  30 value 2095.436303
iter  40 value 2111.992981
iter  40 value 2094.343333
iter  50 value 2111.959473
final  value 2111.959197 
converged
iter  50 value 2094.302185
# weights:  62
iter  50 value 2094.302175
initial  value 2852.284665 
iter  10 value 2038.603449
final  value 2094.301497 
converged
# weights:  60
initial  value 3163.298573 
iter  20 value 2002.783872
iter  10 value 2056.395263
iter  30 value 1999.726528
iter  20 value 2022.158985
iter  40 value 1999.459458
iter  50 value 1999.429012
iter  30 value 2017.551399
final  value 1999.428525 
converged
# weights:  62
initial  value 3186.255659 
iter  40 value 2016.894405
iter  50 value 2016.604723
iter  10 value 1972.036077
final  value 2016.595198 
converged
# weights:  60
initial  value 2740.824926 
iter  20 value 1926.096675
iter  10 value 1980.852058
iter  30 value 1921.747013
iter  20 value 1955.448228
iter  40 value 1921.372754
iter  30 value 1954.543609
iter  50 value 1921.231439
iter  40 value 1954.505734
iter  60 value 1921.213615
final  value 1921.213478 
converged
final  value 1954.505087 
converged
# weights:  60
# weights:  62
initial  value 3251.316452 
initial  value 2960.448760 
iter  10 value 1981.553200
iter  10 value 1888.072864
iter  20 value 1909.947061
iter  20 value 1864.519733
iter  30 value 1902.368591
iter  30 value 1863.234064
iter  40 value 1902.103191
iter  40 value 1862.753565
iter  50 value 1902.087482
iter  50 value 1862.700456
final  value 1902.086871 
converged
# weights:  60
initial  value 3316.625332 
final  value 1862.699950 
converged
# weights:  62
initial  value 3425.582393 
iter  10 value 1879.744229
iter  10 value 1844.298597
iter  20 value 1849.027887
iter  30 value 1846.541854
iter  20 value 1819.488078
iter  40 value 1846.484685
iter  30 value 1816.882187
final  value 1846.483668 
converged
# weights:  60
iter  40 value 1816.093197
initial  value 2936.781081 
iter  50 value 1815.995855
iter  10 value 1851.325144
final  value 1815.994744 
converged
iter  20 value 1800.215398
# weights:  62
initial  value 3164.862144 
iter  30 value 1794.958969
iter  10 value 1858.013363
iter  40 value 1794.656564
iter  50 value 1794.638677
iter  20 value 1822.016124
final  value 1794.638550 
converged
# weights:  60
initial  value 2981.392397 
iter  30 value 1809.549125
iter  40 value 1802.452254
iter  10 value 1818.597072
iter  50 value 1794.055332
iter  20 value 1763.505996
iter  60 value 1785.170685
iter  30 value 1761.594311
iter  70 value 1777.884813
iter  40 value 1761.489323
iter  80 value 1776.802761
final  value 1761.486695 
converged
# weights:  60
initial  value 3352.879435 
iter  90 value 1776.743191
final  value 1776.742950 
converged
# weights:  62
initial  value 2871.044553 
iter  10 value 1763.951140
iter  20 value 1737.177254
iter  10 value 1759.211745
iter  30 value 1731.479910
iter  20 value 1743.436622
iter  40 value 1730.839512
iter  30 value 1742.630633
iter  50 value 1730.513959
iter  40 value 1742.608925
iter  60 value 1730.507361
iter  60 value 1730.507352
iter  60 value 1730.507351
final  value 1730.507351 
converged
iter  50 value 1742.602542
# weights:  60
initial  value 2838.018368 
final  value 1742.602494 
converged
# weights:  62
initial  value 3220.673534 
iter  10 value 1733.572123
iter  10 value 1736.259913
iter  20 value 1700.922080
iter  20 value 1714.033531
iter  30 value 1697.073633
iter  30 value 1712.427527
iter  40 value 1696.357623
iter  40 value 1712.185668
iter  50 value 1696.303282
iter  50 value 1712.122147
iter  60 value 1696.302499
final  value 1712.118678 
converged
# weights:  62
initial  value 3255.580606 
iter  70 value 1696.301006
iter  10 value 1698.278369
final  value 1696.300552 
converged
iter  20 value 1686.868374
# weights:  60
initial  value 3172.863131 
iter  30 value 1684.807909
iter  10 value 1692.604998
iter  40 value 1684.376928
iter  20 value 1665.240151
iter  50 value 1684.365613
final  value 1684.365486 
converged
iter  30 value 1663.033251
# weights:  62
initial  value 3480.178558 
iter  40 value 1662.001982
iter  10 value 1702.425499
iter  50 value 1661.920150
final  value 1661.919865 
converged
iter  20 value 1661.558968
# weights:  60
initial  value 3204.563007 
iter  30 value 1658.896349
iter  10 value 1677.987897
iter  40 value 1658.754246
iter  20 value 1638.051373
iter  50 value 1658.750043
iter  30 value 1630.153238
final  value 1658.749405 
converged
# weights:  62
initial  value 2886.520916 
iter  40 value 1628.929839
iter  10 value 1670.455255
iter  50 value 1628.733609
iter  20 value 1636.312739
final  value 1628.726369 
converged
# weights:  60
initial  value 2876.454160 
iter  30 value 1634.889095
iter  10 value 1637.959820
iter  40 value 1634.862479
iter  20 value 1606.984254
iter  30 value 1599.980266
iter  50 value 1634.860426
iter  40 value 1599.547653
final  value 1634.859881 
converged
iter  50 value 1599.542406
# weights:  62
initial  value 3079.773148 
final  value 1599.542342 
converged
# weights:  60
initial  value 3319.679803 
iter  10 value 1668.784116
iter  10 value 1608.480833
iter  20 value 1614.796828
iter  20 value 1577.894442
iter  30 value 1612.941276
iter  30 value 1575.030230
iter  40 value 1612.512537
iter  40 value 1574.793481
iter  50 value 1612.455825
iter  50 value 1574.758610
final  value 1574.758161 
converged
final  value 1612.453557 
converged
# weights:  60
initial  value 3055.932449 
# weights:  62
initial  value 3285.875066 
iter  10 value 1579.811404
iter  10 value 1659.310831
iter  20 value 1555.313315
iter  20 value 1624.374153
iter  30 value 1554.156285
iter  30 value 1617.187382
iter  40 value 1553.957874
iter  40 value 1608.345271
final  value 1553.954864 
converged
iter  50 value 1604.196035
# weights:  60
initial  value 3081.342201 
iter  60 value 1595.172723
iter  10 value 1609.443991
iter  70 value 1591.492472
iter  20 value 1545.954457
iter  80 value 1591.301447
iter  80 value 1591.301434
iter  30 value 1544.024208
iter  40 value 1543.921165
iter  90 value 1591.290906
iter  50 value 1543.919760
final  value 1543.919738 
converged
iter 100 value 1591.288582
final  value 1591.288582 
stopped after 100 iterations
# weights:  60
initial  value 3054.647720 
# weights:  62
initial  value 3045.883768 
iter  10 value 1549.620524
iter  10 value 1590.855533
iter  20 value 1529.870559
iter  20 value 1572.240440
iter  30 value 1529.127609
iter  30 value 1571.409943
iter  40 value 1529.116349
final  value 1529.116238 
converged
# weights:  60
initial  value 3246.387134 
iter  40 value 1571.384816
final  value 1571.384236 
converged
iter  10 value 1535.645961
# weights:  62
initial  value 3209.267367 
iter  20 value 1509.787273
iter  10 value 1614.919344
iter  30 value 1508.942635
iter  40 value 1508.695718
iter  20 value 1557.484258
iter  50 value 1508.683150
iter  30 value 1552.676792
final  value 1508.683114 
converged
# weights:  60
initial  value 2799.910212 
iter  40 value 1552.284155
iter  10 value 1527.223782
iter  50 value 1552.247467
iter  20 value 1491.334366
iter  60 value 1552.242996
iter  30 value 1490.037253
final  value 1552.242926 
converged
# weights:  62
initial  value 3032.193516 
iter  40 value 1489.820144
final  value 1489.815071 
converged
# weights:  60
initial  value 3081.203205 
iter  10 value 1591.189755
iter  20 value 1569.392965
iter  10 value 1517.874682
iter  20 value 1481.235915
iter  30 value 1566.799881
iter  30 value 1480.323300
iter  40 value 1563.151584
iter  40 value 1480.298135
iter  50 value 1556.824158
final  value 1480.296535 
converged
# weights:  60
initial  value 3043.862563 
iter  60 value 1547.383008
iter  70 value 1537.881827
iter  10 value 1510.906656
iter  80 value 1533.935555
iter  20 value 1469.072003
iter  90 value 1533.857490
final  value 1533.856612 
converged
iter  30 value 1465.505373
# weights:  62
initial  value 2841.350276 
iter  40 value 1465.208666
iter  10 value 1574.099848
iter  50 value 1465.174212
iter  20 value 1550.775549
iter  60 value 1465.152717
iter  60 value 1465.152703
iter  60 value 1465.152702
final  value 1465.152702 
converged
# weights:  60
initial  value 2938.396000 
iter  30 value 1542.986299
iter  40 value 1537.911935
iter  10 value 1475.592392
iter  50 value 1530.484729
iter  20 value 1451.188149
iter  60 value 1524.926771
iter  30 value 1449.082140
iter  70 value 1516.817367
iter  40 value 1449.003603
iter  80 value 1516.229755
final  value 1449.002531 
converged
# weights:  60
initial  value 3576.682597 
iter  90 value 1516.221167
final  value 1516.220937 
converged
iter  10 value 1458.703234
# weights:  62
initial  value 3062.695562 
iter  20 value 1438.084301
iter  10 value 1544.504435
iter  30 value 1435.955893
iter  20 value 1504.977395
iter  40 value 1435.606517
iter  30 value 1499.790835
iter  50 value 1435.598232
iter  40 value 1499.310811
iter  50 value 1435.598220
iter  50 value 1435.598218
final  value 1435.598218 
converged
# weights:  60
initial  value 2880.792529 
iter  50 value 1499.283739
iter  10 value 1447.006259
iter  60 value 1499.281785
final  value 1499.281729 
converged
# weights:  62
initial  value 2887.989311 
iter  20 value 1432.615092
iter  30 value 1432.028495
iter  10 value 1520.065164
iter  40 value 1432.001658
iter  20 value 1507.261330
final  value 1432.001194 
converged
# weights:  60
initial  value 2799.241801 
iter  30 value 1499.710927
iter  40 value 1493.664893
iter  10 value 1485.997101
iter  50 value 1483.807702
iter  20 value 1429.760757
iter  60 value 1483.049661
iter  30 value 1421.225121
iter  70 value 1482.993943
final  value 1482.992878 
converged
iter  40 value 1420.643541
# weights:  62
initial  value 3300.888145 
iter  50 value 1420.306959
iter  10 value 1512.535352
iter  60 value 1420.236538
final  value 1420.236482 
converged
# weights:  60
initial  value 3703.969332 
iter  20 value 1494.887176
iter  10 value 1430.677940
iter  30 value 1492.300972
iter  20 value 1413.620643
iter  40 value 1491.614937
iter  50 value 1490.813156
iter  30 value 1411.374049
iter  60 value 1481.215503
iter  40 value 1411.285246
iter  70 value 1468.528948
final  value 1411.283133 
converged
# weights:  60
iter  80 value 1467.303646
initial  value 2553.144704 
iter  90 value 1467.252831
final  value 1467.252726 
converged
iter  10 value 1437.482223
# weights:  62
initial  value 2987.856416 
iter  20 value 1413.838120
iter  10 value 1480.276871
iter  30 value 1400.735822
iter  20 value 1459.451786
iter  40 value 1397.951380
iter  30 value 1452.484362
iter  50 value 1397.684724
iter  40 value 1452.109945
iter  60 value 1397.672653
iter  60 value 1397.672647
iter  60 value 1397.672646
final  value 1397.672646 
converged
iter  50 value 1452.066363
# weights:  60
initial  value 3121.863853 
final  value 1452.064515 
converged
iter  10 value 1407.700771
# weights:  62
initial  value 3165.302280 
iter  20 value 1389.922576
iter  10 value 1477.319560
iter  30 value 1388.477758
iter  20 value 1465.612728
iter  40 value 1388.230000
iter  30 value 1461.940591
iter  50 value 1388.210488
final  value 1388.210430 
converged
iter  40 value 1453.160459
# weights:  60
initial  value 2882.858635 
iter  50 value 1448.205437
iter  10 value 1416.837474
iter  60 value 1437.927998
iter  20 value 1377.718739
iter  70 value 1437.405908
iter  30 value 1375.450068
iter  80 value 1437.387441
iter  40 value 1374.922844
final  value 1437.387213 
converged
# weights:  62
initial  value 2961.462326 
iter  50 value 1374.857258
final  value 1374.856495 
converged
iter  10 value 1461.023294
# weights:  60
initial  value 3063.959503 
iter  20 value 1427.090904
iter  10 value 1372.805377
iter  30 value 1423.523429
iter  20 value 1358.035874
iter  40 value 1423.213575
iter  30 value 1357.110000
iter  50 value 1423.194124
iter  40 value 1357.049976
final  value 1357.047290 
converged
final  value 1423.193016 
converged
# weights:  60
initial  value 3484.817996 
# weights:  62
initial  value 2815.082486 
iter  10 value 1350.626643
iter  10 value 1439.962686
iter  20 value 1343.003412
iter  20 value 1412.767381
iter  30 value 1342.295665
iter  30 value 1409.893230
iter  40 value 1342.230081
iter  40 value 1409.483028
final  value 1342.225491 
converged
# weights:  60
initial  value 2746.992206 
iter  50 value 1409.467594
final  value 1409.467259 
converged
# weights:  62
initial  value 3198.070758 
iter  10 value 1354.627512
iter  20 value 1334.380975
iter  10 value 1411.822020
iter  30 value 1332.338175
iter  20 value 1398.699630
iter  40 value 1332.272165
iter  30 value 1396.456503
iter  50 value 1332.265667
iter  50 value 1332.265657
iter  40 value 1396.203371
iter  50 value 1332.265657
final  value 1332.265657 
converged
# weights:  60
initial  value 2856.620996 
iter  50 value 1396.188778
final  value 1396.188569 
converged
iter  10 value 1361.594633
# weights:  62
initial  value 3109.978433 
iter  20 value 1336.072202
iter  10 value 1405.548179
iter  20 value 1385.021819
iter  30 value 1329.882303
iter  30 value 1383.522859
iter  40 value 1325.941209
iter  50 value 1324.606858
iter  40 value 1383.333249
iter  60 value 1324.528797
final  value 1324.528709 
converged
iter  50 value 1383.322675
# weights:  60
initial  value 2661.206725 
final  value 1383.322318 
converged
# weights:  62
initial  value 2819.883134 
iter  10 value 1344.214653
iter  10 value 1388.771186
iter  20 value 1321.817103
iter  20 value 1373.669048
iter  30 value 1318.698452
iter  30 value 1371.156997
iter  40 value 1318.476680
iter  40 value 1370.906603
final  value 1318.474320 
converged
# weights:  60
initial  value 3261.956575 
iter  50 value 1370.894041
final  value 1370.893811 
converged
# weights:  62
iter  10 value 1322.363674
initial  value 3187.920726 
iter  20 value 1314.633950
iter  10 value 1383.049911
iter  30 value 1313.493635
iter  20 value 1367.698582
iter  40 value 1313.401421
iter  30 value 1359.353747
final  value 1313.395762 
converged
iter  40 value 1358.929336
# weights:  60
initial  value 3006.810362 
iter  50 value 1358.890729
iter  10 value 1325.343502
final  value 1358.888775 
converged
# weights:  62
initial  value 3023.134188 
iter  20 value 1312.073634
iter  10 value 1372.867076
iter  30 value 1309.273732
iter  20 value 1352.776356
iter  40 value 1308.913279
iter  30 value 1347.658850
iter  50 value 1308.909563
final  value 1308.909543 
converged
# weights:  60
initial  value 2707.737435 
iter  40 value 1347.244575
iter  10 value 1324.623384
iter  50 value 1347.221728
final  value 1347.220832 
converged
iter  20 value 1307.073425
# weights:  62
initial  value 3161.201846 
iter  30 value 1304.979979
iter  10 value 1351.420024
iter  40 value 1304.715809
iter  20 value 1337.830994
iter  50 value 1304.698662
final  value 1304.698489 
converged
# weights:  60
iter  30 value 1336.036866
initial  value 3161.140326 
iter  40 value 1335.904072
iter  10 value 1340.370825
iter  20 value 1311.603938
final  value 1335.899546 
converged
# weights:  62
initial  value 2738.622831 
iter  30 value 1309.610823
iter  10 value 1357.083713
iter  40 value 1309.497342
final  value 1309.496493 
converged
iter  20 value 1326.553944
# weights:  60
initial  value 3068.029169 
iter  30 value 1324.928010
iter  10 value 1354.983635
iter  40 value 1324.863820
iter  20 value 1318.646324
iter  50 value 1324.859750
final  value 1324.859628 
converged
# weights:  62
initial  value 2648.255795 
iter  30 value 1308.048688
iter  40 value 1305.210723
iter  10 value 1369.986774
iter  50 value 1304.479253
iter  20 value 1315.998875
final  value 1304.471900 
converged
# weights:  60
initial  value 2944.618864 
iter  30 value 1314.157021
iter  40 value 1314.072208
iter  10 value 1318.466244
iter  20 value 1301.757523
iter  50 value 1314.061819
final  value 1314.061790 
converged
# weights:  62
initial  value 2973.419863 
iter  30 value 1301.047717
iter  40 value 1300.991576
iter  10 value 1344.145325
iter  20 value 1305.584092
iter  50 value 1300.989319
iter  50 value 1300.989308
iter  50 value 1300.989308
final  value 1300.989308 
converged
# weights:  60
iter  30 value 1303.680404
initial  value 3331.514567 
iter  40 value 1303.546724
iter  10 value 1327.689855
iter  50 value 1303.531359
iter  20 value 1295.231667
final  value 1303.531182 
converged
# weights:  62
initial  value 3484.925363 
iter  30 value 1292.959186
iter  40 value 1292.708621
iter  10 value 1311.298808
iter  50 value 1292.691662
iter  20 value 1294.766210
final  value 1292.691421 
converged
# weights:  60
initial  value 3225.083849 
iter  30 value 1293.356622
iter  40 value 1293.235868
iter  10 value 1297.907812
iter  50 value 1293.213052
iter  20 value 1280.403465
final  value 1293.209793 
converged
# weights:  62
initial  value 2981.905012 
iter  30 value 1279.129367
iter  10 value 1316.564988
iter  40 value 1279.072135
final  value 1279.070846 
converged
iter  20 value 1284.419105
# weights:  60
initial  value 3017.431188 
iter  30 value 1283.162173
iter  10 value 1311.290568
iter  40 value 1283.050004
iter  20 value 1278.909618
iter  50 value 1283.046910
iter  50 value 1283.046903
iter  50 value 1283.046902
final  value 1283.046902 
converged
# weights:  62
initial  value 3167.557138 
iter  30 value 1273.090759
iter  10 value 1315.243140
iter  40 value 1269.916274
iter  20 value 1277.708943
iter  50 value 1268.003861
iter  30 value 1273.488226
final  value 1267.982055 
converged
# weights:  60
initial  value 3497.576428 
iter  40 value 1273.053235
iter  10 value 1279.406888
iter  50 value 1273.017468
final  value 1273.015318 
converged
iter  20 value 1266.581637
# weights:  62
initial  value 3342.060623 
iter  30 value 1263.574826
iter  10 value 1298.731688
iter  40 value 1261.405160
iter  20 value 1279.366306
iter  50 value 1261.295114
iter  30 value 1267.354469
final  value 1261.294344 
converged
# weights:  60
initial  value 3562.428861 
iter  40 value 1263.313953
iter  10 value 1267.056390
iter  50 value 1263.128078
iter  60 value 1263.106457
iter  20 value 1261.137454
final  value 1263.106382 
converged
# weights:  62
initial  value 3137.935206 
iter  30 value 1260.378035
iter  10 value 1305.504693
iter  40 value 1260.293830
iter  20 value 1259.706692
final  value 1260.286972 
converged
iter  30 value 1253.573085
iter  40 value 1253.309530
iter  50 value 1253.291840
final  value 1253.290793 
converged
# weights:  62
initial  value 3297.903351 
iter  10 value 1266.821726
iter  20 value 1244.969041
iter  30 value 1243.541973
iter  40 value 1243.484876
iter  50 value 1243.482501
final  value 1243.482413 
converged
# weights:  62
initial  value 3515.799819 
iter  10 value 1263.941709
iter  20 value 1237.842293
iter  30 value 1233.866268
iter  40 value 1233.740440
iter  50 value 1233.727333
final  value 1233.727045 
converged
# weights:  62
initial  value 3452.407590 
iter  10 value 1272.523161
iter  20 value 1250.759646
iter  30 value 1244.826707
iter  40 value 1232.892959
iter  50 value 1224.789888
iter  60 value 1223.992566
iter  70 value 1223.945034
final  value 1223.944757 
converged
# weights:  62
initial  value 3139.394558 
iter  10 value 1259.201907
iter  20 value 1246.413590
iter  30 value 1241.869747
iter  40 value 1230.650613
iter  50 value 1214.783042
iter  60 value 1214.260718
iter  70 value 1214.208344
final  value 1214.208104 
converged
# weights:  62
initial  value 3126.744127 
iter  10 value 1262.081294
iter  20 value 1235.763851
iter  30 value 1220.718288
iter  40 value 1207.336562
iter  50 value 1204.582148
iter  60 value 1204.511363
iter  70 value 1204.486845
final  value 1204.486111 
converged
# weights:  62
initial  value 3061.496488 
iter  10 value 1245.648765
iter  20 value 1225.678414
iter  30 value 1208.512621
iter  40 value 1195.838932
iter  50 value 1194.837466
iter  60 value 1194.727148
iter  70 value 1194.714113
final  value 1194.713875 
converged
# weights:  62
initial  value 3299.873738 
iter  10 value 1219.990351
iter  20 value 1186.259824
iter  30 value 1184.986010
iter  40 value 1184.917213
iter  50 value 1184.914965
final  value 1184.914881 
converged
# weights:  62
initial  value 3323.430510 
iter  10 value 1251.530675
iter  20 value 1181.780916
iter  30 value 1176.327639
iter  40 value 1175.261073
iter  50 value 1175.112120
iter  60 value 1175.083371
iter  60 value 1175.083359
iter  60 value 1175.083358
final  value 1175.083358 
converged
# weights:  62
initial  value 2821.363613 
iter  10 value 1223.171118
iter  20 value 1172.606972
iter  30 value 1165.405588
iter  40 value 1165.171565
iter  50 value 1165.166877
final  value 1165.166688 
converged
