Loading required package: ebnm
Loading required package: magrittr
2024-04-11 09:05:23.933015: I tensorflow/core/util/port.cc:110] oneDNN custom operations are on. You may see slightly different numerical results due to floating-point round-off errors from different computation orders. To turn them off, set the environment variable `TF_ENABLE_ONEDNN_OPTS=0`.
2024-04-11 09:05:23.955963: I tensorflow/tsl/cuda/cudart_stub.cc:28] Could not find cuda drivers on your machine, GPU will not be used.
2024-04-11 09:05:24.118000: I tensorflow/tsl/cuda/cudart_stub.cc:28] Could not find cuda drivers on your machine, GPU will not be used.
2024-04-11 09:05:24.118742: I tensorflow/core/platform/cpu_feature_guard.cc:182] This TensorFlow binary is optimized to use available CPU instructions in performance-critical operations.
To enable the following instructions: AVX2 AVX512F AVX512_VNNI FMA, in other operations, rebuild TensorFlow with the appropriate compiler flags.
2024-04-11 09:05:27.395720: W tensorflow/compiler/tf2tensorrt/utils/py_utils.cc:38] TF-TRT Warning: Could not find TensorRT
Loading required package: Matrix
Loaded softImpute 1.4-1

2024-04-11 09:05:38.755957: I tensorflow/core/util/port.cc:110] oneDNN custom operations are on. You may see slightly different numerical results due to floating-point round-off errors from different computation orders. To turn them off, set the environment variable `TF_ENABLE_ONEDNN_OPTS=0`.
2024-04-11 09:05:38.779060: I tensorflow/tsl/cuda/cudart_stub.cc:28] Could not find cuda drivers on your machine, GPU will not be used.
2024-04-11 09:05:38.914768: I tensorflow/tsl/cuda/cudart_stub.cc:28] Could not find cuda drivers on your machine, GPU will not be used.
2024-04-11 09:05:38.915480: I tensorflow/core/platform/cpu_feature_guard.cc:182] This TensorFlow binary is optimized to use available CPU instructions in performance-critical operations.
To enable the following instructions: AVX2 AVX512F AVX512_VNNI FMA, in other operations, rebuild TensorFlow with the appropriate compiler flags.
2024-04-11 09:05:42.384599: W tensorflow/compiler/tf2tensorrt/utils/py_utils.cc:38] TF-TRT Warning: Could not find TensorRT
Loading required package: Matrix
Loaded softImpute 1.4-1

WARNING:tensorflow:Callback method `on_train_batch_end` is slow compared to the batch time (batch time: 0.0008s vs `on_train_batch_end` time: 0.0017s). Check your callbacks.
WARNING:tensorflow:Callback method `on_train_batch_end` is slow compared to the batch time (batch time: 0.0008s vs `on_train_batch_end` time: 0.0015s). Check your callbacks.
WARNING:tensorflow:Callback method `on_train_batch_begin` is slow compared to the batch time (batch time: 0.0008s vs `on_train_batch_begin` time: 0.0014s). Check your callbacks.
WARNING:tensorflow:Callback method `on_train_batch_begin` is slow compared to the batch time (batch time: 0.0010s vs `on_train_batch_begin` time: 0.0015s). Check your callbacks.
WARNING:tensorflow:Callback method `on_train_batch_begin` is slow compared to the batch time (batch time: 0.0008s vs `on_train_batch_begin` time: 0.0014s). Check your callbacks.
WARNING:tensorflow:Callback method `on_train_batch_begin` is slow compared to the batch time (batch time: 0.0009s vs `on_train_batch_begin` time: 0.0014s). Check your callbacks.
Error in analyse_slice(2) : object 'tdf' not found
In addition: Warning messages:
1: In asMethod(object) :
  sparse->dense coercion: allocating vector of size 1.1 GiB
2: In .diff(fit) : ELBO decreased
3: In .diff(fit) : ELBO decreased
4: In .diff(fit) : ELBO decreased
5: In .diff(fit) : ELBO decreased
Execution halted
Error in analyse_slice(1) : object 'tdf' not found
In addition: Warning messages:
1: In asMethod(object) :
  sparse->dense coercion: allocating vector of size 1.1 GiB
2: In .diff(fit) : ELBO decreased
3: In .diff(fit) : ELBO decreased
4: In .diff(fit) : ELBO decreased
Execution halted
Error in analyse_slice(1) : object 'tdf' not found
In addition: Warning messages:
1: In asMethod(object) :
  sparse->dense coercion: allocating vector of size 1.1 GiB
2: In .diff(fit) : ELBO decreased
3: In .diff(fit) : ELBO decreased
4: In .diff(fit) : ELBO decreased
5: In .diff(fit) : ELBO decreased
6: In .diff(fit) : ELBO decreased
Execution halted
Error in analyse_slice(4) : object 'tdf' not found
In addition: Warning messages:
1: In asMethod(object) :
  sparse->dense coercion: allocating vector of size 1.1 GiB
2: In .diff(fit) : ELBO decreased
3: In .diff(fit) : ELBO decreased
4: In .diff(fit) : ELBO decreased
Execution halted
Error in analyse_slice(7) : object 'tdf' not found
In addition: Warning messages:
1: In asMethod(object) :
  sparse->dense coercion: allocating vector of size 1.1 GiB
2: In .diff(fit) : ELBO decreased
3: In .diff(fit) : ELBO decreased
4: In .diff(fit) : ELBO decreased
Execution halted
Error in analyse_slice(6) : object 'tdf' not found
In addition: Warning messages:
1: In asMethod(object) :
  sparse->dense coercion: allocating vector of size 1.1 GiB
2: In .diff(fit) : ELBO decreased
3: In .diff(fit) : ELBO decreased
4: In .diff(fit) : ELBO decreased
Execution halted
Error in analyse_slice(8) : object 'tdf' not found
In addition: Warning messages:
1: In asMethod(object) :
  sparse->dense coercion: allocating vector of size 1.1 GiB
2: In .diff(fit) : ELBO decreased
3: In .diff(fit) : ELBO decreased
4: In .diff(fit) : ELBO decreased
5: In .diff(fit) : ELBO decreased
Execution halted
Error in analyse_slice(1) : object 'tdf' not found
In addition: Warning messages:
1: In asMethod(object) :
  sparse->dense coercion: allocating vector of size 1.1 GiB
2: In .diff(fit) : ELBO decreased
3: In .diff(fit) : ELBO decreased
4: In .diff(fit) : ELBO decreased
Execution halted
Error in analyse_slice(9) : object 'tdf' not found
In addition: Warning messages:
1: In asMethod(object) :
  sparse->dense coercion: allocating vector of size 1.1 GiB
2: In .diff(fit) : ELBO decreased
3: In .diff(fit) : ELBO decreased
4: In .diff(fit) : ELBO decreased
Execution halted
Error in analyse_slice(10) : object 'tdf' not found
In addition: Warning messages:
1: In asMethod(object) :
  sparse->dense coercion: allocating vector of size 1.1 GiB
2: In .diff(fit) : ELBO decreased
3: In .diff(fit) : ELBO decreased
4: In .diff(fit) : ELBO decreased
5: In .diff(fit) : ELBO decreased
Execution halted
Error in analyse_slice(11) : object 'tdf' not found
In addition: Warning messages:
1: In asMethod(object) :
  sparse->dense coercion: allocating vector of size 1.1 GiB
2: In .diff(fit) : ELBO decreased
3: In .diff(fit) : ELBO decreased
4: In .diff(fit) : ELBO decreased
5: In .diff(fit) : ELBO decreased
Execution halted
Error in analyse_slice(12) : object 'tdf' not found
In addition: Warning messages:
1: In asMethod(object) :
  sparse->dense coercion: allocating vector of size 1.1 GiB
2: In .diff(fit) : ELBO decreased
3: In .diff(fit) : ELBO decreased
4: In .diff(fit) : ELBO decreased
5: In .diff(fit) : ELBO decreased
6: In .diff(fit) : ELBO decreased
Execution halted
