Loading required package: Matrix
Loading required package: Matrix
Loading required package: Matrix
Loading required package: Matrix
Loaded softImpute 1.4-1

Loaded softImpute 1.4-1

Loaded softImpute 1.4-1

Loaded softImpute 1.4-1

Loading required package: ebnm
Loading required package: ebnm
Loading required package: ebnm
Loading required package: ebnm
Loading required package: magrittr
Loading required package: magrittr
Loading required package: magrittr
Loading required package: magrittr
2024-04-11 07:46:03.147184: I tensorflow/core/util/port.cc:110] oneDNN custom operations are on. You may see slightly different numerical results due to floating-point round-off errors from different computation orders. To turn them off, set the environment variable `TF_ENABLE_ONEDNN_OPTS=0`.
2024-04-11 07:46:03.151638: I tensorflow/tsl/cuda/cudart_stub.cc:28] Could not find cuda drivers on your machine, GPU will not be used.
2024-04-11 07:46:03.155783: I tensorflow/core/util/port.cc:110] oneDNN custom operations are on. You may see slightly different numerical results due to floating-point round-off errors from different computation orders. To turn them off, set the environment variable `TF_ENABLE_ONEDNN_OPTS=0`.
2024-04-11 07:46:03.161443: I tensorflow/tsl/cuda/cudart_stub.cc:28] Could not find cuda drivers on your machine, GPU will not be used.
2024-04-11 07:46:03.162784: I tensorflow/core/util/port.cc:110] oneDNN custom operations are on. You may see slightly different numerical results due to floating-point round-off errors from different computation orders. To turn them off, set the environment variable `TF_ENABLE_ONEDNN_OPTS=0`.
2024-04-11 07:46:03.169949: I tensorflow/tsl/cuda/cudart_stub.cc:28] Could not find cuda drivers on your machine, GPU will not be used.
2024-04-11 07:46:03.203414: I tensorflow/tsl/cuda/cudart_stub.cc:28] Could not find cuda drivers on your machine, GPU will not be used.
2024-04-11 07:46:03.204910: I tensorflow/core/platform/cpu_feature_guard.cc:182] This TensorFlow binary is optimized to use available CPU instructions in performance-critical operations.
To enable the following instructions: AVX2 AVX512F AVX512_VNNI FMA, in other operations, rebuild TensorFlow with the appropriate compiler flags.
2024-04-11 07:46:03.213157: I tensorflow/tsl/cuda/cudart_stub.cc:28] Could not find cuda drivers on your machine, GPU will not be used.
2024-04-11 07:46:03.214855: I tensorflow/core/platform/cpu_feature_guard.cc:182] This TensorFlow binary is optimized to use available CPU instructions in performance-critical operations.
To enable the following instructions: AVX2 AVX512F AVX512_VNNI FMA, in other operations, rebuild TensorFlow with the appropriate compiler flags.
2024-04-11 07:46:03.223661: I tensorflow/tsl/cuda/cudart_stub.cc:28] Could not find cuda drivers on your machine, GPU will not be used.
2024-04-11 07:46:03.225603: I tensorflow/core/platform/cpu_feature_guard.cc:182] This TensorFlow binary is optimized to use available CPU instructions in performance-critical operations.
To enable the following instructions: AVX2 AVX512F AVX512_VNNI FMA, in other operations, rebuild TensorFlow with the appropriate compiler flags.
2024-04-11 07:46:06.961466: W tensorflow/compiler/tf2tensorrt/utils/py_utils.cc:38] TF-TRT Warning: Could not find TensorRT
2024-04-11 07:46:06.962898: W tensorflow/compiler/tf2tensorrt/utils/py_utils.cc:38] TF-TRT Warning: Could not find TensorRT
2024-04-11 07:46:07.270076: I tensorflow/core/util/port.cc:110] oneDNN custom operations are on. You may see slightly different numerical results due to floating-point round-off errors from different computation orders. To turn them off, set the environment variable `TF_ENABLE_ONEDNN_OPTS=0`.
2024-04-11 07:46:07.512763: W tensorflow/compiler/tf2tensorrt/utils/py_utils.cc:38] TF-TRT Warning: Could not find TensorRT
2024-04-11 07:46:08.069107: I tensorflow/tsl/cuda/cudart_stub.cc:28] Could not find cuda drivers on your machine, GPU will not be used.
2024-04-11 07:46:10.395853: I tensorflow/tsl/cuda/cudart_stub.cc:28] Could not find cuda drivers on your machine, GPU will not be used.
2024-04-11 07:46:10.396663: I tensorflow/core/platform/cpu_feature_guard.cc:182] This TensorFlow binary is optimized to use available CPU instructions in performance-critical operations.
To enable the following instructions: AVX2 AVX512F AVX512_VNNI FMA, in other operations, rebuild TensorFlow with the appropriate compiler flags.
2024-04-11 07:46:19.426778: W tensorflow/compiler/tf2tensorrt/utils/py_utils.cc:38] TF-TRT Warning: Could not find TensorRT
converged
converged
converged
converged
converged
converged
converged
converged
converged
converged
converged
converged
Error in (-npoint):0 : NA/NaN argument
Calls: tiling_sim ... <Anonymous> -> data_initialize_como -> autoselect_scales_mix_norm
In addition: Warning message:
In .diff(fit) : ELBO decreased
Execution halted
converged
converged
converged
converged
converged
converged
converged
converged
converged
converged
converged
converged
converged
converged
converged
converged
converged
converged
converged
converged
converged
converged
converged
converged
converged
converged
converged
converged
converged
converged
converged
converged
converged
converged
converged
converged
converged
converged
converged
converged
converged
converged
converged
converged
converged
converged
converged
converged
converged
converged
converged
converged
converged
converged
converged
converged
converged
converged
converged
converged
converged
converged
converged
converged
converged
converged
converged
converged
converged
converged
converged
converged
converged
converged
converged
converged
converged
WARNING:tensorflow:Callback method `on_train_batch_begin` is slow compared to the batch time (batch time: 0.0014s vs `on_train_batch_begin` time: 0.0016s). Check your callbacks.
converged
converged
converged
converged
converged
converged
converged
converged
converged
converged
converged
converged
converged
converged
converged
converged
converged
converged
WARNING:tensorflow:Callback method `on_train_batch_end` is slow compared to the batch time (batch time: 0.0019s vs `on_train_batch_end` time: 0.0020s). Check your callbacks.
converged
converged
converged
converged
converged
converged
converged
WARNING:tensorflow:Callback method `on_train_batch_end` is slow compared to the batch time (batch time: 0.0011s vs `on_train_batch_end` time: 0.0032s). Check your callbacks.
converged
converged
converged
converged
converged
converged
converged
converged
converged
WARNING:tensorflow:Callback method `on_train_batch_end` is slow compared to the batch time (batch time: 0.0009s vs `on_train_batch_end` time: 0.0013s). Check your callbacks.
converged
WARNING:tensorflow:Callback method `on_train_batch_begin` is slow compared to the batch time (batch time: 0.0013s vs `on_train_batch_begin` time: 0.0016s). Check your callbacks.
WARNING:tensorflow:Callback method `on_train_batch_begin` is slow compared to the batch time (batch time: 0.0014s vs `on_train_batch_begin` time: 0.0018s). Check your callbacks.
converged
converged
WARNING:tensorflow:Callback method `on_train_batch_end` is slow compared to the batch time (batch time: 0.0015s vs `on_train_batch_end` time: 0.0020s). Check your callbacks.
WARNING:tensorflow:Callback method `on_train_batch_end` is slow compared to the batch time (batch time: 0.0023s vs `on_train_batch_end` time: 0.0029s). Check your callbacks.
WARNING:tensorflow:Callback method `on_train_batch_begin` is slow compared to the batch time (batch time: 0.0009s vs `on_train_batch_begin` time: 0.0013s). Check your callbacks.
converged
converged
converged
converged
converged
converged
converged
converged
WARNING:tensorflow:Callback method `on_train_batch_end` is slow compared to the batch time (batch time: 0.0013s vs `on_train_batch_end` time: 0.0017s). Check your callbacks.
WARNING:tensorflow:Callback method `on_train_batch_end` is slow compared to the batch time (batch time: 0.0017s vs `on_train_batch_end` time: 0.0017s). Check your callbacks.
converged
converged
converged
converged
converged
converged
converged
converged
converged
converged
converged
converged
converged
converged
converged
converged
converged
converged
converged
converged
converged
converged
converged
converged
converged
converged
converged
converged
converged
converged
converged
converged
converged
converged
converged
converged
converged
converged
converged
converged
converged
converged
converged
converged
converged
WARNING:tensorflow:Callback method `on_train_batch_begin` is slow compared to the batch time (batch time: 0.0009s vs `on_train_batch_begin` time: 0.0015s). Check your callbacks.
converged
converged
converged
converged
converged
converged
converged
converged
converged
WARNING:tensorflow:Callback method `on_train_batch_begin` is slow compared to the batch time (batch time: 0.0015s vs `on_train_batch_begin` time: 0.0018s). Check your callbacks.
converged
converged
converged
WARNING:tensorflow:Callback method `on_train_batch_end` is slow compared to the batch time (batch time: 0.0008s vs `on_train_batch_end` time: 0.0011s). Check your callbacks.
converged
converged
converged
converged
converged
converged
converged
converged
converged
converged
converged
converged
converged
converged
converged
converged
converged
converged
converged
converged
converged
converged
converged
converged
converged
converged
converged
converged
converged
converged
converged
converged
converged
WARNING:tensorflow:Callback method `on_train_batch_end` is slow compared to the batch time (batch time: 0.0016s vs `on_train_batch_end` time: 0.0018s). Check your callbacks.
converged
converged
converged
converged
converged
converged
converged
converged
converged
converged
converged
converged
converged
converged
converged
converged
converged
converged
converged
converged
converged
converged
converged
converged
converged
converged
converged
converged
converged
converged
converged
converged
converged
converged
WARNING:tensorflow:Callback method `on_train_batch_begin` is slow compared to the batch time (batch time: 0.0010s vs `on_train_batch_begin` time: 0.0042s). Check your callbacks.
WARNING:tensorflow:Callback method `on_train_batch_begin` is slow compared to the batch time (batch time: 0.0016s vs `on_train_batch_begin` time: 0.0017s). Check your callbacks.
WARNING:tensorflow:Callback method `on_train_batch_begin` is slow compared to the batch time (batch time: 0.0012s vs `on_train_batch_begin` time: 0.0014s). Check your callbacks.
converged
converged
converged
converged
WARNING:tensorflow:Callback method `on_train_batch_end` is slow compared to the batch time (batch time: 0.0013s vs `on_train_batch_end` time: 0.0014s). Check your callbacks.
converged
converged
converged
converged
converged
converged
converged
converged
converged
converged
converged
converged
converged
converged
converged
converged
converged
converged
converged
converged
converged
converged
converged
converged
converged
converged
converged
converged
converged
converged
converged
converged
converged
converged
converged
converged
converged
converged
converged
converged
WARNING:tensorflow:Callback method `on_train_batch_end` is slow compared to the batch time (batch time: 0.0013s vs `on_train_batch_end` time: 0.0015s). Check your callbacks.
converged
WARNING:tensorflow:Callback method `on_train_batch_begin` is slow compared to the batch time (batch time: 0.0015s vs `on_train_batch_begin` time: 0.0016s). Check your callbacks.
WARNING:tensorflow:Callback method `on_train_batch_end` is slow compared to the batch time (batch time: 0.0012s vs `on_train_batch_end` time: 0.0018s). Check your callbacks.
converged
converged
converged
converged
converged
converged
converged
converged
WARNING:tensorflow:Callback method `on_train_batch_begin` is slow compared to the batch time (batch time: 0.0018s vs `on_train_batch_begin` time: 0.0019s). Check your callbacks.
converged
converged
converged
converged
converged
converged
converged
converged
converged
converged
converged
converged
converged
converged
converged
converged
converged
converged
converged
converged
Error in (-npoint):0 : NA/NaN argument
Calls: tiling_sim ... <Anonymous> -> data_initialize_como -> autoselect_scales_mix_norm
In addition: There were 40 warnings (use warnings() to see them)
Execution halted
converged
converged
converged
converged
converged
converged
converged
converged
converged
converged
converged
converged
converged
converged
converged
converged
converged
converged
converged
converged
converged
converged
converged
converged
converged
converged
converged
converged
converged
converged
converged
converged
converged
converged
converged
converged
converged
converged
converged
converged
converged
converged
converged
converged
converged
converged
converged
converged
converged
converged
converged
converged
converged
converged
converged
converged
converged
converged
converged
converged
converged
converged
converged
converged
converged
converged
converged
converged
converged
Error in (-npoint):0 : NA/NaN argument
Calls: tiling_sim ... <Anonymous> -> data_initialize_como -> autoselect_scales_mix_norm
In addition: There were 44 warnings (use warnings() to see them)
Execution halted
WARNING:tensorflow:Callback method `on_train_batch_begin` is slow compared to the batch time (batch time: 0.0015s vs `on_train_batch_begin` time: 0.0015s). Check your callbacks.
converged
converged
converged
converged
converged
converged
converged
converged
converged
converged
converged
converged
converged
converged
converged
converged
converged
converged
converged
converged
converged
converged
converged
converged
converged
converged
converged
converged
converged
converged
converged
converged
converged
converged
converged
converged
converged
converged
converged
converged
converged
converged
converged
converged
converged
converged
converged
converged
converged
converged
converged
converged
converged
converged
converged
converged
converged
converged
converged
converged
converged
converged
converged
converged
WARNING:tensorflow:Callback method `on_train_batch_end` is slow compared to the batch time (batch time: 0.0015s vs `on_train_batch_end` time: 0.0016s). Check your callbacks.
WARNING:tensorflow:Callback method `on_train_batch_begin` is slow compared to the batch time (batch time: 0.0014s vs `on_train_batch_begin` time: 0.0017s). Check your callbacks.
converged
converged
converged
converged
converged
converged
converged
converged
converged
converged
converged
converged
converged
converged
converged
converged
converged
converged
converged
converged
WARNING:tensorflow:Callback method `on_train_batch_begin` is slow compared to the batch time (batch time: 0.0016s vs `on_train_batch_begin` time: 0.0020s). Check your callbacks.
converged
converged
converged
converged
converged
converged
converged
converged
converged
converged
converged
converged
converged
converged
converged
converged
converged
converged
converged
converged
converged
converged
converged
converged
converged
converged
converged
converged
converged
converged
converged
converged
converged
converged
converged
converged
converged
converged
converged
converged
converged
converged
converged
converged
converged
converged
converged
converged
converged
converged
converged
converged
converged
converged
converged
converged
converged
converged
converged
converged
converged
converged
converged
converged
converged
converged
converged
converged
converged
converged
converged
converged
converged
WARNING:tensorflow:Callback method `on_train_batch_end` is slow compared to the batch time (batch time: 0.0016s vs `on_train_batch_end` time: 0.0016s). Check your callbacks.
converged
WARNING:tensorflow:Callback method `on_train_batch_begin` is slow compared to the batch time (batch time: 0.0014s vs `on_train_batch_begin` time: 0.0015s). Check your callbacks.
converged
converged
converged
converged
converged
converged
converged
converged
converged
converged
converged
converged
converged
converged
converged
converged
converged
converged
converged
converged
converged
converged
converged
converged
converged
converged
converged
converged
